        -:    0:Source:/mnt/c/Users/Ilinca/Desktop/facultate/semestru 2/oop/lab9/cu undo si fisiere/lab9-bun/Medicament.cpp
        -:    0:Graph:/mnt/c/Users/Ilinca/Desktop/facultate/semestru 2/oop/lab9/cu undo si fisiere/lab9-bun/cmake-build-debug-coverage/CMakeFiles/lab4_6oop.dir/Medicament.cpp.gcno
        -:    0:Data:/mnt/c/Users/Ilinca/Desktop/facultate/semestru 2/oop/lab9/cu undo si fisiere/lab9-bun/cmake-build-debug-coverage/CMakeFiles/lab4_6oop.dir/Medicament.cpp.gcda
        -:    0:Runs:1
        -:    1://
        -:    2:// Created by Ilinca on 30-Mar-22.
        -:    3://
        -:    4:
        -:    5:#include "Medicament.h"
        -:    6:#include "assert.h"
        -:    7:
function _ZNK10Medicament12get_denumireB5cxx11Ev called 338 returned 100% blocks executed 100%
      338:    8:string Medicament::get_denumire() const {
      338:    9:    return this->denumire;
      338:    9-block  0
call    0 returned 338
        -:   10:}
        -:   11:
function _ZNK10Medicament14get_producatorB5cxx11Ev called 187 returned 100% blocks executed 100%
      187:   12:string Medicament::get_producator() const {
      187:   13:    return this->producator;
      187:   13-block  0
call    0 returned 187
        -:   14:}
        -:   15:
function _ZNK10Medicament20get_substanta_activaB5cxx11Ev called 99 returned 100% blocks executed 100%
       99:   16:string Medicament::get_substanta_activa() const {
       99:   17:    return this->substanta_activa;
       99:   17-block  0
call    0 returned 99
        -:   18:}
        -:   19:
function _ZNK10Medicament8get_pretEv called 75 returned 100% blocks executed 100%
       75:   20:double Medicament::get_pret() const {
       75:   21:    return this->pret;
       75:   21-block  0
        -:   22:}
        -:   23:
function _ZN10Medicament12set_denumireENSt7__cxx1112basic_stringIcSt11char_traitsIcESaIcEEE called 1 returned 100% blocks executed 100%
        1:   24:void Medicament::set_denumire(string denumire_noua) {
        1:   25:    this->denumire = denumire_noua;
        1:   25-block  0
call    0 returned 1
        1:   26:}
        -:   27:
function _ZN10Medicament14set_producatorENSt7__cxx1112basic_stringIcSt11char_traitsIcESaIcEEE called 1 returned 100% blocks executed 100%
        1:   28:void Medicament::set_producator(string producator_nou) {
        1:   29:    this->producator = producator_nou;
        1:   29-block  0
call    0 returned 1
        1:   30:}
        -:   31:
function _ZN10Medicament20set_substanta_activaENSt7__cxx1112basic_stringIcSt11char_traitsIcESaIcEEE called 1 returned 100% blocks executed 100%
        1:   32:void Medicament::set_substanta_activa(string substanta_activa_noua) {
        1:   33:    this->substanta_activa = substanta_activa_noua;
        1:   33-block  0
call    0 returned 1
        1:   34:}
        -:   35:
function _ZN10Medicament8set_pretEd called 6 returned 100% blocks executed 100%
        6:   36:void Medicament::set_pret(double pret_nou) {
        6:   37:    this->pret = pret_nou;
        6:   38:}
        -:   39:
function _Z12cmp_denumireR10MedicamentS0_ called 6 returned 100% blocks executed 80%
        6:   40:bool cmp_denumire( Medicament& m1,  Medicament& m2) {
        6:   41:    return m1.get_denumire() < m2.get_denumire();
        6:   41-block  0
call    0 returned 6
call    1 returned 6
branch  2 taken 6 (fallthrough)
branch  3 taken 0 (throw)
        6:   41-block  1
call    4 returned 6
call    5 returned 6
call    6 returned 6
        6:   41-block  2
    $$$$$:   41-block  3
call    7 never executed
        -:   42:}
        -:   43:
function _Z14cmp_producatorR10MedicamentS0_ called 6 returned 100% blocks executed 80%
        6:   44:bool cmp_producator(Medicament& m1, Medicament& m2) {
        6:   45:    return m1.get_producator() < m2.get_producator();
        6:   45-block  0
call    0 returned 6
call    1 returned 6
branch  2 taken 6 (fallthrough)
branch  3 taken 0 (throw)
        6:   45-block  1
call    4 returned 6
call    5 returned 6
call    6 returned 6
        6:   45-block  2
    $$$$$:   45-block  3
call    7 never executed
        -:   46:}
        -:   47:
function _Z14cmp_substspretR10MedicamentS0_ called 6 returned 100% blocks executed 77%
        6:   48:bool cmp_substspret(Medicament& m1, Medicament& m2) {
        6:   49:    if (m1.get_substanta_activa() == m2.get_substanta_activa())
        6:   49-block  0
call    0 returned 6
call    1 returned 6
branch  2 taken 6 (fallthrough)
branch  3 taken 0 (throw)
        6:   49-block  1
call    4 returned 6
call    5 returned 6
call    6 returned 6
branch  7 taken 2 (fallthrough)
branch  8 taken 4
    $$$$$:   49-block  2
call    9 never executed
    $$$$$:   49-block  3
call   10 never executed
        2:   50:        return m1.get_pret() < m2.get_pret();
        2:   50-block  0
call    0 returned 2
call    1 returned 2
        -:   51:    else
        4:   52:        return m1.get_substanta_activa() < m2.get_substanta_activa();
        4:   52-block  0
call    0 returned 4
call    1 returned 4
branch  2 taken 4 (fallthrough)
branch  3 taken 0 (throw)
        4:   52-block  1
call    4 returned 4
call    5 returned 4
call    6 returned 4
    $$$$$:   52-block  2
call    7 never executed
        -:   53:}
        -:   54:
        -:   55:
