        -:    0:Source:/mnt/c/Users/Ilinca/Desktop/facultate/semestru 2/oop/lab9/cu undo si fisiere/lab9-bun/Teste.cpp
        -:    0:Graph:/mnt/c/Users/Ilinca/Desktop/facultate/semestru 2/oop/lab9/cu undo si fisiere/lab9-bun/cmake-build-debug-coverage/CMakeFiles/lab4_6oop.dir/Teste.cpp.gcno
        -:    0:Data:/mnt/c/Users/Ilinca/Desktop/facultate/semestru 2/oop/lab9/cu undo si fisiere/lab9-bun/cmake-build-debug-coverage/CMakeFiles/lab4_6oop.dir/Teste.cpp.gcda
        -:    0:Runs:1
        -:    1://
        -:    2:// Created by Ilinca on 30-Mar-22.
        -:    3://
        -:    4:
        -:    5:#include "Teste.h"
        -:    6:#include "Service.h"
        -:    7:#include <assert.h>
        -:    8:
        -:    9:
function _Z12test_get_setv called 1 returned 100% blocks executed 56%
        1:   10:void test_get_set(){
        3:   11:    Medicament med1{"algocalmin", "beta", "antianalgezic",10.0};
        1:   11-block  0
call    0 returned 1
call    1 returned 1
branch  2 taken 1 (fallthrough)
branch  3 taken 0 (throw)
        1:   11-block  1
call    4 returned 1
call    5 returned 1
branch  6 taken 1 (fallthrough)
branch  7 taken 0 (throw)
        1:   11-block  2
call    8 returned 1
call    9 returned 1
branch 10 taken 1 (fallthrough)
branch 11 taken 0 (throw)
        1:   11-block  3
call   12 returned 1
branch 13 taken 1 (fallthrough)
branch 14 taken 0 (throw)
call   15 returned 1
call   16 returned 1
call   17 returned 1
call   18 returned 1
call   19 returned 1
call   20 returned 1
    $$$$$:   11-block  4
    $$$$$:   11-block  5
    $$$$$:   11-block  6
    $$$$$:   11-block  7
    $$$$$:   11-block  8
    $$$$$:   11-block  9
    $$$$$:   11-block 10
call   21 never executed
       1*:   12:    assert(med1.get_denumire() == "algocalmin");
call    0 returned 1
branch  1 taken 1 (fallthrough)
branch  2 taken 0 (throw)
        1:   12-block  0
call    3 returned 1
branch  4 taken 0 (fallthrough)
branch  5 taken 1
    %%%%%:   12-block  1
call    6 never executed
        1:   12-block  2
call    7 returned 1
       1*:   13:    assert(med1.get_producator() == "beta");
call    0 returned 1
branch  1 taken 1 (fallthrough)
branch  2 taken 0 (throw)
        1:   13-block  0
call    3 returned 1
branch  4 taken 0 (fallthrough)
branch  5 taken 1
    %%%%%:   13-block  1
call    6 never executed
        1:   13-block  2
call    7 returned 1
       1*:   14:    assert(med1.get_substanta_activa() == "antianalgezic");
call    0 returned 1
branch  1 taken 1 (fallthrough)
branch  2 taken 0 (throw)
        1:   14-block  0
call    3 returned 1
branch  4 taken 0 (fallthrough)
branch  5 taken 1
    %%%%%:   14-block  1
call    6 never executed
        1:   14-block  2
call    7 returned 1
       1*:   15:    assert(med1.get_pret() == 10.0);
call    0 returned 1
branch  1 taken 1 (fallthrough)
branch  2 taken 0 (throw)
        1:   15-block  0
branch  3 taken 0 (fallthrough)
branch  4 taken 1
    %%%%%:   15-block  1
call    5 never executed
        -:   16:
        3:   17:    Medicament med2{"parasinus", "alfa","paracetamol", 2.5};
        1:   17-block  0
call    0 returned 1
call    1 returned 1
branch  2 taken 1 (fallthrough)
branch  3 taken 0 (throw)
        1:   17-block  1
call    4 returned 1
call    5 returned 1
branch  6 taken 1 (fallthrough)
branch  7 taken 0 (throw)
        1:   17-block  2
call    8 returned 1
call    9 returned 1
branch 10 taken 1 (fallthrough)
branch 11 taken 0 (throw)
        1:   17-block  3
call   12 returned 1
branch 13 taken 1 (fallthrough)
branch 14 taken 0 (throw)
call   15 returned 1
call   16 returned 1
call   17 returned 1
call   18 returned 1
call   19 returned 1
        1:   17-block  4
call   20 returned 1
    $$$$$:   17-block  5
    $$$$$:   17-block  6
    $$$$$:   17-block  7
    $$$$$:   17-block  8
    $$$$$:   17-block  9
    $$$$$:   17-block 10
    $$$$$:   17-block 11
call   21 never executed
       1*:   18:    assert(med2.get_denumire() == "parasinus");
call    0 returned 1
branch  1 taken 1 (fallthrough)
branch  2 taken 0 (throw)
        1:   18-block  0
call    3 returned 1
branch  4 taken 0 (fallthrough)
branch  5 taken 1
    %%%%%:   18-block  1
call    6 never executed
        1:   18-block  2
call    7 returned 1
       1*:   19:    assert(med2.get_producator() == "alfa");
call    0 returned 1
branch  1 taken 1 (fallthrough)
branch  2 taken 0 (throw)
        1:   19-block  0
call    3 returned 1
branch  4 taken 0 (fallthrough)
branch  5 taken 1
    %%%%%:   19-block  1
call    6 never executed
        1:   19-block  2
call    7 returned 1
       1*:   20:    assert(med2.get_substanta_activa() == "paracetamol");
call    0 returned 1
branch  1 taken 1 (fallthrough)
branch  2 taken 0 (throw)
        1:   20-block  0
call    3 returned 1
branch  4 taken 0 (fallthrough)
branch  5 taken 1
    %%%%%:   20-block  1
call    6 never executed
        1:   20-block  2
call    7 returned 1
       1*:   21:    assert(med2.get_pret() == 2.5);
call    0 returned 1
branch  1 taken 1 (fallthrough)
branch  2 taken 0 (throw)
        1:   21-block  0
branch  3 taken 0 (fallthrough)
branch  4 taken 1
    %%%%%:   21-block  1
call    5 never executed
        -:   22:
        1:   23:    med2.set_denumire("ibuprofen");
        1:   23-block  0
call    0 returned 1
call    1 returned 1
branch  2 taken 1 (fallthrough)
branch  3 taken 0 (throw)
        1:   23-block  1
call    4 returned 1
branch  5 taken 1 (fallthrough)
branch  6 taken 0 (throw)
        1:   23-block  2
call    7 returned 1
call    8 returned 1
    $$$$$:   23-block  3
call    9 never executed
    $$$$$:   23-block  4
    $$$$$:   23-block  5
call   10 never executed
    $$$$$:   23-block  6
        1:   24:    med2.set_producator("theta");
call    0 returned 1
call    1 returned 1
branch  2 taken 1 (fallthrough)
branch  3 taken 0 (throw)
        1:   24-block  0
call    4 returned 1
branch  5 taken 1 (fallthrough)
branch  6 taken 0 (throw)
        1:   24-block  1
call    7 returned 1
call    8 returned 1
    $$$$$:   24-block  2
call    9 never executed
    $$$$$:   24-block  3
    $$$$$:   24-block  4
call   10 never executed
    $$$$$:   24-block  5
        1:   25:    med2.set_substanta_activa("fervex");
call    0 returned 1
call    1 returned 1
branch  2 taken 1 (fallthrough)
branch  3 taken 0 (throw)
        1:   25-block  0
call    4 returned 1
branch  5 taken 1 (fallthrough)
branch  6 taken 0 (throw)
        1:   25-block  1
call    7 returned 1
call    8 returned 1
    $$$$$:   25-block  2
call    9 never executed
    $$$$$:   25-block  3
    $$$$$:   25-block  4
call   10 never executed
    $$$$$:   25-block  5
        1:   26:    med2.set_pret(3.8);
call    0 returned 1
branch  1 taken 1 (fallthrough)
branch  2 taken 0 (throw)
        -:   27:
       1*:   28:    assert(med2.get_denumire() == "ibuprofen");
        1:   28-block  0
call    0 returned 1
branch  1 taken 1 (fallthrough)
branch  2 taken 0 (throw)
        1:   28-block  1
call    3 returned 1
branch  4 taken 0 (fallthrough)
branch  5 taken 1
    %%%%%:   28-block  2
call    6 never executed
        1:   28-block  3
call    7 returned 1
       1*:   29:    assert(med2.get_producator() == "theta");
call    0 returned 1
branch  1 taken 1 (fallthrough)
branch  2 taken 0 (throw)
        1:   29-block  0
call    3 returned 1
branch  4 taken 0 (fallthrough)
branch  5 taken 1
    %%%%%:   29-block  1
call    6 never executed
        1:   29-block  2
call    7 returned 1
       1*:   30:    assert(med2.get_substanta_activa() == "fervex");
call    0 returned 1
branch  1 taken 1 (fallthrough)
branch  2 taken 0 (throw)
        1:   30-block  0
call    3 returned 1
branch  4 taken 0 (fallthrough)
branch  5 taken 1
    %%%%%:   30-block  1
call    6 never executed
        1:   30-block  2
call    7 returned 1
       1*:   31:    assert(med2.get_pret() == 3.8);
call    0 returned 1
branch  1 taken 1 (fallthrough)
branch  2 taken 0 (throw)
        1:   31-block  0
branch  3 taken 0 (fallthrough)
branch  4 taken 1
    %%%%%:   31-block  1
call    5 never executed
        1:   32:}
        -:   33:
function _Z13test_add_repov called 1 returned 100% blocks executed 46%
        1:   34:void test_add_repo(){
        2:   35:    Medicament_Repository test_repo;
        1:   35-block  0
call    0 returned 1
call    1 returned 1
    $$$$$:   35-block  1
call    2 never executed
        3:   36:    Medicament med1{"fervex","beta","ibuprofen",5.9};
call    0 returned 1
call    1 returned 1
branch  2 taken 1 (fallthrough)
branch  3 taken 0 (throw)
        1:   36-block  0
call    4 returned 1
call    5 returned 1
branch  6 taken 1 (fallthrough)
branch  7 taken 0 (throw)
        1:   36-block  1
call    8 returned 1
call    9 returned 1
branch 10 taken 1 (fallthrough)
branch 11 taken 0 (throw)
        1:   36-block  2
call   12 returned 1
branch 13 taken 1 (fallthrough)
branch 14 taken 0 (throw)
call   15 returned 1
call   16 returned 1
call   17 returned 1
call   18 returned 1
call   19 returned 1
    $$$$$:   36-block  3
    $$$$$:   36-block  4
    $$$$$:   36-block  5
    $$$$$:   36-block  6
    $$$$$:   36-block  7
    $$$$$:   36-block  8
call   20 returned 1
    $$$$$:   36-block  9
call   21 never executed
        1:   37:    test_repo.store(med1);
call    0 returned 1
branch  1 taken 1 (fallthrough)
branch  2 taken 0 (throw)
       1*:   38:    assert(test_repo.get_all_medicamente().size() == 1);
        1:   38-block  0
call    0 returned 1
branch  1 taken 1 (fallthrough)
branch  2 taken 0 (throw)
        1:   38-block  1
call    3 returned 1
branch  4 taken 0 (fallthrough)
branch  5 taken 1
    %%%%%:   38-block  2
call    6 never executed
        -:   39:
        3:   40:    Medicament med2{ "coldrex","alfa","paracetamol",2.7 };
        1:   40-block  0
call    0 returned 1
call    1 returned 1
branch  2 taken 1 (fallthrough)
branch  3 taken 0 (throw)
        1:   40-block  1
call    4 returned 1
call    5 returned 1
branch  6 taken 1 (fallthrough)
branch  7 taken 0 (throw)
        1:   40-block  2
call    8 returned 1
call    9 returned 1
branch 10 taken 1 (fallthrough)
branch 11 taken 0 (throw)
        1:   40-block  3
call   12 returned 1
branch 13 taken 1 (fallthrough)
branch 14 taken 0 (throw)
call   15 returned 1
call   16 returned 1
call   17 returned 1
call   18 returned 1
call   19 returned 1
    $$$$$:   40-block  4
    $$$$$:   40-block  5
    $$$$$:   40-block  6
    $$$$$:   40-block  7
    $$$$$:   40-block  8
    $$$$$:   40-block  9
call   20 returned 1
    $$$$$:   40-block 10
call   21 never executed
        3:   41:    Medicament med3{"fervex","beta","calciu",8.6};
call    0 returned 1
call    1 returned 1
branch  2 taken 1 (fallthrough)
branch  3 taken 0 (throw)
        1:   41-block  0
call    4 returned 1
call    5 returned 1
branch  6 taken 1 (fallthrough)
branch  7 taken 0 (throw)
        1:   41-block  1
call    8 returned 1
call    9 returned 1
branch 10 taken 1 (fallthrough)
branch 11 taken 0 (throw)
        1:   41-block  2
call   12 returned 1
branch 13 taken 1 (fallthrough)
branch 14 taken 0 (throw)
call   15 returned 1
call   16 returned 1
call   17 returned 1
call   18 returned 1
call   19 returned 1
    $$$$$:   41-block  3
    $$$$$:   41-block  4
    $$$$$:   41-block  5
    $$$$$:   41-block  6
    $$$$$:   41-block  7
    $$$$$:   41-block  8
        1:   41-block  9
call   20 returned 1
    $$$$$:   41-block 10
call   21 never executed
        -:   42:
        -:   43:    try{
        1:   44:        test_repo.store(med3);
call    0 returned 1
branch  1 taken 0 (fallthrough)
branch  2 taken 1 (throw)
    #####:   45:        assert(false);
    %%%%%:   45-block  0
call    0 never executed
        -:   46:    }
        1:   47:    catch(Repo_Exception){
        1:   47-block  0
call    0 returned 1
call    1 returned 1
call    2 returned 1
call    3 returned 1
branch  4 taken 1 (fallthrough)
branch  5 taken 0 (throw)
        -:   48:        assert(true);
        -:   49:    }
        1:   50:}
        -:   51:
function _Z14test_find_repov called 1 returned 100% blocks executed 52%
        1:   52:void test_find_repo(){
        2:   53:    Medicament_Repository test_repo;
        1:   53-block  0
call    0 returned 1
call    1 returned 1
    $$$$$:   53-block  1
call    2 never executed
        3:   54:    Medicament med1{"fervex","beta","ibuprofen",5.9};
call    0 returned 1
call    1 returned 1
branch  2 taken 1 (fallthrough)
branch  3 taken 0 (throw)
        1:   54-block  0
call    4 returned 1
call    5 returned 1
branch  6 taken 1 (fallthrough)
branch  7 taken 0 (throw)
        1:   54-block  1
call    8 returned 1
call    9 returned 1
branch 10 taken 1 (fallthrough)
branch 11 taken 0 (throw)
        1:   54-block  2
call   12 returned 1
branch 13 taken 1 (fallthrough)
branch 14 taken 0 (throw)
call   15 returned 1
call   16 returned 1
call   17 returned 1
call   18 returned 1
call   19 returned 1
    $$$$$:   54-block  3
    $$$$$:   54-block  4
    $$$$$:   54-block  5
    $$$$$:   54-block  6
    $$$$$:   54-block  7
    $$$$$:   54-block  8
call   20 returned 1
    $$$$$:   54-block  9
call   21 never executed
        3:   55:    Medicament med2{ "coldrex","alfa","paracetamol",2.7 };
call    0 returned 1
call    1 returned 1
branch  2 taken 1 (fallthrough)
branch  3 taken 0 (throw)
        1:   55-block  0
call    4 returned 1
call    5 returned 1
branch  6 taken 1 (fallthrough)
branch  7 taken 0 (throw)
        1:   55-block  1
call    8 returned 1
call    9 returned 1
branch 10 taken 1 (fallthrough)
branch 11 taken 0 (throw)
        1:   55-block  2
call   12 returned 1
branch 13 taken 1 (fallthrough)
branch 14 taken 0 (throw)
call   15 returned 1
call   16 returned 1
call   17 returned 1
call   18 returned 1
call   19 returned 1
    $$$$$:   55-block  3
    $$$$$:   55-block  4
    $$$$$:   55-block  5
    $$$$$:   55-block  6
    $$$$$:   55-block  7
    $$$$$:   55-block  8
call   20 returned 1
    $$$$$:   55-block  9
call   21 never executed
        3:   56:    Medicament med3{"theraflu","theta","calciu",8.6};
call    0 returned 1
call    1 returned 1
branch  2 taken 1 (fallthrough)
branch  3 taken 0 (throw)
        1:   56-block  0
call    4 returned 1
call    5 returned 1
branch  6 taken 1 (fallthrough)
branch  7 taken 0 (throw)
        1:   56-block  1
call    8 returned 1
call    9 returned 1
branch 10 taken 1 (fallthrough)
branch 11 taken 0 (throw)
        1:   56-block  2
call   12 returned 1
branch 13 taken 1 (fallthrough)
branch 14 taken 0 (throw)
call   15 returned 1
call   16 returned 1
call   17 returned 1
call   18 returned 1
call   19 returned 1
    $$$$$:   56-block  3
    $$$$$:   56-block  4
    $$$$$:   56-block  5
    $$$$$:   56-block  6
    $$$$$:   56-block  7
    $$$$$:   56-block  8
call   20 returned 1
    $$$$$:   56-block  9
call   21 never executed
        1:   57:    test_repo.store(med1);
call    0 returned 1
branch  1 taken 1 (fallthrough)
branch  2 taken 0 (throw)
        1:   58:    test_repo.store(med2);
        1:   58-block  0
call    0 returned 1
branch  1 taken 1 (fallthrough)
branch  2 taken 0 (throw)
        -:   59:
       1*:   60:    assert(test_repo.exists(med1));
        1:   60-block  0
call    0 returned 1
branch  1 taken 1 (fallthrough)
branch  2 taken 0 (throw)
        1:   60-block  1
branch  3 taken 0 (fallthrough)
branch  4 taken 1
    %%%%%:   60-block  2
call    5 never executed
       1*:   61:    assert(!test_repo.exists(med3));
        1:   61-block  0
call    0 returned 1
branch  1 taken 1 (fallthrough)
branch  2 taken 0 (throw)
        1:   61-block  1
branch  3 taken 0 (fallthrough)
branch  4 taken 1
    %%%%%:   61-block  2
call    5 never executed
        -:   62:
        3:   63:    auto found_med = test_repo.find("fervex", "beta");
        1:   63-block  0
call    0 returned 1
call    1 returned 1
branch  2 taken 1 (fallthrough)
branch  3 taken 0 (throw)
        1:   63-block  1
call    4 returned 1
call    5 returned 1
branch  6 taken 1 (fallthrough)
branch  7 taken 0 (throw)
        1:   63-block  2
call    8 returned 1
branch  9 taken 1 (fallthrough)
branch 10 taken 0 (throw)
        1:   63-block  3
call   11 returned 1
branch 12 taken 1 (fallthrough)
branch 13 taken 0 (throw)
call   14 returned 1
call   15 returned 1
call   16 returned 1
    $$$$$:   63-block  4
    $$$$$:   63-block  5
    $$$$$:   63-block  6
    $$$$$:   63-block  7
call   17 returned 1
    $$$$$:   63-block  8
call   18 never executed
       1*:   64:    assert(found_med.get_denumire() == "fervex");
call    0 returned 1
branch  1 taken 1 (fallthrough)
branch  2 taken 0 (throw)
        1:   64-block  0
call    3 returned 1
branch  4 taken 0 (fallthrough)
branch  5 taken 1
    %%%%%:   64-block  1
call    6 never executed
        1:   64-block  2
call    7 returned 1
       1*:   65:    assert(found_med.get_producator() == "beta");
call    0 returned 1
branch  1 taken 1 (fallthrough)
branch  2 taken 0 (throw)
        1:   65-block  0
call    3 returned 1
branch  4 taken 0 (fallthrough)
branch  5 taken 1
    %%%%%:   65-block  1
call    6 never executed
        1:   65-block  2
call    7 returned 1
       1*:   66:    assert(found_med.get_substanta_activa() == "ibuprofen");
call    0 returned 1
branch  1 taken 1 (fallthrough)
branch  2 taken 0 (throw)
        1:   66-block  0
call    3 returned 1
branch  4 taken 0 (fallthrough)
branch  5 taken 1
    %%%%%:   66-block  1
call    6 never executed
        1:   66-block  2
call    7 returned 1
        -:   67:
        -:   68:    try{
       5*:   69:        test_repo.find("parasinus","omega");
call    0 returned 1
call    1 returned 1
branch  2 taken 1 (fallthrough)
branch  3 taken 0 (throw)
        1:   69-block  0
call    4 returned 1
call    5 returned 1
branch  6 taken 1 (fallthrough)
branch  7 taken 0 (throw)
        1:   69-block  1
call    8 returned 1
branch  9 taken 0 (fallthrough)
branch 10 taken 1 (throw)
    %%%%%:   69-block  2
call   11 never executed
call   12 never executed
call   13 never executed
call   14 never executed
        1:   69-block  3
call   15 returned 1
        1:   69-block  4
        1:   69-block  5
call   16 returned 1
        1:   69-block  6
        1:   69-block  7
call   17 returned 1
        1:   69-block  8
        1:   69-block  9
call   18 returned 1
        1:   69-block 10
    #####:   70:        assert(false);
call    0 never executed
        -:   71:    }
        1:   72:    catch (Repo_Exception& ve){
        1:   72-block  0
call    0 returned 1
    $$$$$:   72-block  1
call    1 never executed
        1:   73:        assert(ve.get_error_message()=="Medicamentul pe care il cautati nu exista.");
call    0 returned 1
branch  1 taken 1 (fallthrough)
branch  2 taken 0 (throw)
        1:   73-block  0
call    3 returned 1
branch  4 taken 0 (fallthrough)
branch  5 taken 1
    $$$$$:   73-block  1
call    6 never executed
        1:   73-block  2
call    7 returned 1
call    8 returned 1
        -:   74:    }
        -:   75:
        -:   76:
        1:   77:}
        -:   78:
function _Z17test_find_servicev called 1 returned 100% blocks executed 46%
        1:   79:void test_find_service(){
        2:   80:    Medicament_Repository test_repo;
        1:   80-block  0
call    0 returned 1
call    1 returned 1
    $$$$$:   80-block  1
call    2 never executed
        -:   81:    Medicament_Validator test_val;
        2:   82:    Medicamente_Service test_service{test_repo, test_val};
call    0 returned 1
call    1 returned 1
    $$$$$:   82-block  0
call    2 never executed
        -:   83:
        1:   84:    test_service.add_medicament("fervex","beta","ibuprofen",89.7);
call    0 returned 1
call    1 returned 1
branch  2 taken 1 (fallthrough)
branch  3 taken 0 (throw)
        1:   84-block  0
call    4 returned 1
call    5 returned 1
branch  6 taken 1 (fallthrough)
branch  7 taken 0 (throw)
        1:   84-block  1
call    8 returned 1
call    9 returned 1
branch 10 taken 1 (fallthrough)
branch 11 taken 0 (throw)
        1:   84-block  2
call   12 returned 1
branch 13 taken 1 (fallthrough)
branch 14 taken 0 (throw)
        1:   84-block  3
call   15 returned 1
call   16 returned 1
call   17 returned 1
call   18 returned 1
call   19 returned 1
call   20 returned 1
    $$$$$:   84-block  4
call   21 never executed
    $$$$$:   84-block  5
    $$$$$:   84-block  6
call   22 never executed
    $$$$$:   84-block  7
    $$$$$:   84-block  8
call   23 never executed
    $$$$$:   84-block  9
    $$$$$:   84-block 10
call   24 never executed
    $$$$$:   84-block 11
    $$$$$:   84-block 12
call   25 never executed
    $$$$$:   84-block 13
    $$$$$:   84-block 14
call   26 never executed
    $$$$$:   84-block 15
        1:   85:    test_service.add_medicament("coldrex","alfa","paracetamol",9.5);
call    0 returned 1
call    1 returned 1
branch  2 taken 1 (fallthrough)
branch  3 taken 0 (throw)
        1:   85-block  0
call    4 returned 1
call    5 returned 1
branch  6 taken 1 (fallthrough)
branch  7 taken 0 (throw)
        1:   85-block  1
call    8 returned 1
call    9 returned 1
branch 10 taken 1 (fallthrough)
branch 11 taken 0 (throw)
        1:   85-block  2
call   12 returned 1
branch 13 taken 1 (fallthrough)
branch 14 taken 0 (throw)
        1:   85-block  3
call   15 returned 1
call   16 returned 1
call   17 returned 1
call   18 returned 1
call   19 returned 1
call   20 returned 1
    $$$$$:   85-block  4
call   21 never executed
    $$$$$:   85-block  5
    $$$$$:   85-block  6
call   22 never executed
    $$$$$:   85-block  7
    $$$$$:   85-block  8
call   23 never executed
    $$$$$:   85-block  9
    $$$$$:   85-block 10
call   24 never executed
    $$$$$:   85-block 11
    $$$$$:   85-block 12
call   25 never executed
    $$$$$:   85-block 13
    $$$$$:   85-block 14
call   26 never executed
    $$$$$:   85-block 15
        1:   86:    test_service.add_medicament("theraflu","omega","calciu",3.8);
call    0 returned 1
call    1 returned 1
branch  2 taken 1 (fallthrough)
branch  3 taken 0 (throw)
        1:   86-block  0
call    4 returned 1
call    5 returned 1
branch  6 taken 1 (fallthrough)
branch  7 taken 0 (throw)
        1:   86-block  1
call    8 returned 1
call    9 returned 1
branch 10 taken 1 (fallthrough)
branch 11 taken 0 (throw)
        1:   86-block  2
call   12 returned 1
branch 13 taken 1 (fallthrough)
branch 14 taken 0 (throw)
        1:   86-block  3
call   15 returned 1
call   16 returned 1
call   17 returned 1
call   18 returned 1
call   19 returned 1
call   20 returned 1
    $$$$$:   86-block  4
call   21 never executed
    $$$$$:   86-block  5
    $$$$$:   86-block  6
call   22 never executed
    $$$$$:   86-block  7
    $$$$$:   86-block  8
call   23 never executed
    $$$$$:   86-block  9
    $$$$$:   86-block 10
call   24 never executed
    $$$$$:   86-block 11
    $$$$$:   86-block 12
call   25 never executed
    $$$$$:   86-block 13
    $$$$$:   86-block 14
call   26 never executed
    $$$$$:   86-block 15
        -:   87:
       1*:   88:    assert(test_service.get_all_medicamente().size() == 3);
call    0 returned 1
branch  1 taken 1 (fallthrough)
branch  2 taken 0 (throw)
        1:   88-block  0
call    3 returned 1
branch  4 taken 0 (fallthrough)
branch  5 taken 1
    %%%%%:   88-block  1
call    6 never executed
        1:   89:    Medicament med;
        1:   89-block  0
call    0 returned 1
    $$$$$:   89-block  1
call    1 never executed
        1:   90:    med = test_service.find_service("fervex", "beta");
call    0 returned 1
call    1 returned 1
branch  2 taken 1 (fallthrough)
branch  3 taken 0 (throw)
        1:   90-block  0
call    4 returned 1
call    5 returned 1
branch  6 taken 1 (fallthrough)
branch  7 taken 0 (throw)
        1:   90-block  1
call    8 returned 1
branch  9 taken 1 (fallthrough)
branch 10 taken 0 (throw)
        1:   90-block  2
call   11 returned 1
branch 12 taken 1 (fallthrough)
branch 13 taken 0 (throw)
        1:   90-block  3
call   14 returned 1
call   15 returned 1
call   16 returned 1
call   17 returned 1
call   18 returned 1
    $$$$$:   90-block  4
call   19 never executed
    $$$$$:   90-block  5
    $$$$$:   90-block  6
call   20 never executed
    $$$$$:   90-block  7
    $$$$$:   90-block  8
call   21 never executed
    $$$$$:   90-block  9
    $$$$$:   90-block 10
call   22 never executed
    $$$$$:   90-block 11
    $$$$$:   90-block 12
call   23 never executed
    $$$$$:   90-block 13
       1*:   91:    assert(med.get_substanta_activa() == "ibuprofen");
call    0 returned 1
branch  1 taken 1 (fallthrough)
branch  2 taken 0 (throw)
        1:   91-block  0
call    3 returned 1
branch  4 taken 0 (fallthrough)
branch  5 taken 1
    %%%%%:   91-block  1
call    6 never executed
        1:   91-block  2
call    7 returned 1
call    8 returned 1
        -:   92:
        1:   93:}
        -:   94:
function _Z23test_find_denumire_repov called 1 returned 100% blocks executed 51%
        1:   95:void test_find_denumire_repo(){
        2:   96:    Medicament_Repository test_repo;
        1:   96-block  0
call    0 returned 1
call    1 returned 1
    $$$$$:   96-block  1
call    2 never executed
        3:   97:    Medicament med1{"fervex","beta","ibuprofen",5.9};
call    0 returned 1
call    1 returned 1
branch  2 taken 1 (fallthrough)
branch  3 taken 0 (throw)
        1:   97-block  0
call    4 returned 1
call    5 returned 1
branch  6 taken 1 (fallthrough)
branch  7 taken 0 (throw)
        1:   97-block  1
call    8 returned 1
call    9 returned 1
branch 10 taken 1 (fallthrough)
branch 11 taken 0 (throw)
        1:   97-block  2
call   12 returned 1
branch 13 taken 1 (fallthrough)
branch 14 taken 0 (throw)
call   15 returned 1
call   16 returned 1
call   17 returned 1
call   18 returned 1
call   19 returned 1
    $$$$$:   97-block  3
    $$$$$:   97-block  4
    $$$$$:   97-block  5
    $$$$$:   97-block  6
    $$$$$:   97-block  7
    $$$$$:   97-block  8
call   20 returned 1
    $$$$$:   97-block  9
call   21 never executed
        3:   98:    Medicament med2{ "coldrex","alfa","paracetamol",2.7 };
call    0 returned 1
call    1 returned 1
branch  2 taken 1 (fallthrough)
branch  3 taken 0 (throw)
        1:   98-block  0
call    4 returned 1
call    5 returned 1
branch  6 taken 1 (fallthrough)
branch  7 taken 0 (throw)
        1:   98-block  1
call    8 returned 1
call    9 returned 1
branch 10 taken 1 (fallthrough)
branch 11 taken 0 (throw)
        1:   98-block  2
call   12 returned 1
branch 13 taken 1 (fallthrough)
branch 14 taken 0 (throw)
call   15 returned 1
call   16 returned 1
call   17 returned 1
call   18 returned 1
call   19 returned 1
    $$$$$:   98-block  3
    $$$$$:   98-block  4
    $$$$$:   98-block  5
    $$$$$:   98-block  6
    $$$$$:   98-block  7
    $$$$$:   98-block  8
call   20 returned 1
    $$$$$:   98-block  9
call   21 never executed
        3:   99:    Medicament med3{"theraflu","theta","calciu",8.6};
call    0 returned 1
call    1 returned 1
branch  2 taken 1 (fallthrough)
branch  3 taken 0 (throw)
        1:   99-block  0
call    4 returned 1
call    5 returned 1
branch  6 taken 1 (fallthrough)
branch  7 taken 0 (throw)
        1:   99-block  1
call    8 returned 1
call    9 returned 1
branch 10 taken 1 (fallthrough)
branch 11 taken 0 (throw)
        1:   99-block  2
call   12 returned 1
branch 13 taken 1 (fallthrough)
branch 14 taken 0 (throw)
call   15 returned 1
call   16 returned 1
call   17 returned 1
call   18 returned 1
call   19 returned 1
    $$$$$:   99-block  3
    $$$$$:   99-block  4
    $$$$$:   99-block  5
    $$$$$:   99-block  6
    $$$$$:   99-block  7
    $$$$$:   99-block  8
call   20 returned 1
    $$$$$:   99-block  9
call   21 never executed
        1:  100:    test_repo.store(med1);
call    0 returned 1
branch  1 taken 1 (fallthrough)
branch  2 taken 0 (throw)
        1:  101:    test_repo.store(med2);
        1:  101-block  0
call    0 returned 1
branch  1 taken 1 (fallthrough)
branch  2 taken 0 (throw)
        -:  102:
       1*:  103:    assert(test_repo.exists(med1));
        1:  103-block  0
call    0 returned 1
branch  1 taken 1 (fallthrough)
branch  2 taken 0 (throw)
        1:  103-block  1
branch  3 taken 0 (fallthrough)
branch  4 taken 1
    %%%%%:  103-block  2
call    5 never executed
       1*:  104:    assert(!test_repo.exists(med3));
        1:  104-block  0
call    0 returned 1
branch  1 taken 1 (fallthrough)
branch  2 taken 0 (throw)
        1:  104-block  1
branch  3 taken 0 (fallthrough)
branch  4 taken 1
    %%%%%:  104-block  2
call    5 never executed
        -:  105:
        3:  106:    auto found_med = test_repo.find_denumire("fervex");
        1:  106-block  0
call    0 returned 1
call    1 returned 1
branch  2 taken 1 (fallthrough)
branch  3 taken 0 (throw)
        1:  106-block  1
call    4 returned 1
branch  5 taken 1 (fallthrough)
branch  6 taken 0 (throw)
        1:  106-block  2
call    7 returned 1
branch  8 taken 1 (fallthrough)
branch  9 taken 0 (throw)
call   10 returned 1
    $$$$$:  106-block  3
    $$$$$:  106-block  4
call   11 returned 1
    $$$$$:  106-block  5
call   12 never executed
       1*:  107:    assert(found_med.get_denumire() == "fervex");
call    0 returned 1
branch  1 taken 1 (fallthrough)
branch  2 taken 0 (throw)
        1:  107-block  0
call    3 returned 1
branch  4 taken 0 (fallthrough)
branch  5 taken 1
    %%%%%:  107-block  1
call    6 never executed
        1:  107-block  2
call    7 returned 1
       1*:  108:    assert(found_med.get_producator() == "beta");
call    0 returned 1
branch  1 taken 1 (fallthrough)
branch  2 taken 0 (throw)
        1:  108-block  0
call    3 returned 1
branch  4 taken 0 (fallthrough)
branch  5 taken 1
    %%%%%:  108-block  1
call    6 never executed
        1:  108-block  2
call    7 returned 1
       1*:  109:    assert(found_med.get_substanta_activa() == "ibuprofen");
call    0 returned 1
branch  1 taken 1 (fallthrough)
branch  2 taken 0 (throw)
        1:  109-block  0
call    3 returned 1
branch  4 taken 0 (fallthrough)
branch  5 taken 1
    %%%%%:  109-block  1
call    6 never executed
        1:  109-block  2
call    7 returned 1
        -:  110:
        -:  111:    try{
       3*:  112:        test_repo.find_denumire("nurofen");
call    0 returned 1
call    1 returned 1
branch  2 taken 1 (fallthrough)
branch  3 taken 0 (throw)
        1:  112-block  0
call    4 returned 1
branch  5 taken 0 (fallthrough)
branch  6 taken 1 (throw)
    %%%%%:  112-block  1
call    7 never executed
call    8 never executed
        1:  112-block  2
call    9 returned 1
        1:  112-block  3
        1:  112-block  4
call   10 returned 1
        1:  112-block  5
    #####:  113:        assert(false);
call    0 never executed
        -:  114:    }
        1:  115:    catch (Repo_Exception& ve){
        1:  115-block  0
call    0 returned 1
    $$$$$:  115-block  1
call    1 never executed
        1:  116:        assert(ve.get_error_message()=="Medicamentul cu denumirea nurofen nu este in lista");
call    0 returned 1
branch  1 taken 1 (fallthrough)
branch  2 taken 0 (throw)
        1:  116-block  0
call    3 returned 1
branch  4 taken 0 (fallthrough)
branch  5 taken 1
    $$$$$:  116-block  1
call    6 never executed
        1:  116-block  2
call    7 returned 1
call    8 returned 1
        -:  117:    }
        -:  118:
        1:  119:}
        -:  120:
function _Z27test_add_medicament_servicev called 1 returned 100% blocks executed 62%
        1:  121:void test_add_medicament_service(){
        2:  122:    Medicament_Repository test_repo;
        1:  122-block  0
call    0 returned 1
call    1 returned 1
    $$$$$:  122-block  1
call    2 never executed
        -:  123:    Medicament_Validator test_val;
        2:  124:    Medicamente_Service test_service{test_repo, test_val};
call    0 returned 1
call    1 returned 1
    $$$$$:  124-block  0
call    2 never executed
        -:  125:
        1:  126:    test_service.add_medicament("fervex","beta","ibuprofen",89.7);
call    0 returned 1
call    1 returned 1
branch  2 taken 1 (fallthrough)
branch  3 taken 0 (throw)
        1:  126-block  0
call    4 returned 1
call    5 returned 1
branch  6 taken 1 (fallthrough)
branch  7 taken 0 (throw)
        1:  126-block  1
call    8 returned 1
call    9 returned 1
branch 10 taken 1 (fallthrough)
branch 11 taken 0 (throw)
        1:  126-block  2
call   12 returned 1
branch 13 taken 1 (fallthrough)
branch 14 taken 0 (throw)
        1:  126-block  3
call   15 returned 1
call   16 returned 1
call   17 returned 1
call   18 returned 1
call   19 returned 1
call   20 returned 1
    $$$$$:  126-block  4
call   21 never executed
    $$$$$:  126-block  5
    $$$$$:  126-block  6
call   22 never executed
    $$$$$:  126-block  7
    $$$$$:  126-block  8
call   23 never executed
    $$$$$:  126-block  9
    $$$$$:  126-block 10
call   24 never executed
    $$$$$:  126-block 11
    $$$$$:  126-block 12
call   25 never executed
    $$$$$:  126-block 13
    $$$$$:  126-block 14
call   26 never executed
    $$$$$:  126-block 15
        1:  127:    test_service.add_medicament("coldrex","alfa","paracetamol",9.5);
call    0 returned 1
call    1 returned 1
branch  2 taken 1 (fallthrough)
branch  3 taken 0 (throw)
        1:  127-block  0
call    4 returned 1
call    5 returned 1
branch  6 taken 1 (fallthrough)
branch  7 taken 0 (throw)
        1:  127-block  1
call    8 returned 1
call    9 returned 1
branch 10 taken 1 (fallthrough)
branch 11 taken 0 (throw)
        1:  127-block  2
call   12 returned 1
branch 13 taken 1 (fallthrough)
branch 14 taken 0 (throw)
        1:  127-block  3
call   15 returned 1
call   16 returned 1
call   17 returned 1
call   18 returned 1
call   19 returned 1
call   20 returned 1
    $$$$$:  127-block  4
call   21 never executed
    $$$$$:  127-block  5
    $$$$$:  127-block  6
call   22 never executed
    $$$$$:  127-block  7
    $$$$$:  127-block  8
call   23 never executed
    $$$$$:  127-block  9
    $$$$$:  127-block 10
call   24 never executed
    $$$$$:  127-block 11
    $$$$$:  127-block 12
call   25 never executed
    $$$$$:  127-block 13
    $$$$$:  127-block 14
call   26 never executed
    $$$$$:  127-block 15
        1:  128:    test_service.add_medicament("theraflu","omega","calciu",3.8);
call    0 returned 1
call    1 returned 1
branch  2 taken 1 (fallthrough)
branch  3 taken 0 (throw)
        1:  128-block  0
call    4 returned 1
call    5 returned 1
branch  6 taken 1 (fallthrough)
branch  7 taken 0 (throw)
        1:  128-block  1
call    8 returned 1
call    9 returned 1
branch 10 taken 1 (fallthrough)
branch 11 taken 0 (throw)
        1:  128-block  2
call   12 returned 1
branch 13 taken 1 (fallthrough)
branch 14 taken 0 (throw)
        1:  128-block  3
call   15 returned 1
call   16 returned 1
call   17 returned 1
call   18 returned 1
call   19 returned 1
call   20 returned 1
    $$$$$:  128-block  4
call   21 never executed
    $$$$$:  128-block  5
    $$$$$:  128-block  6
call   22 never executed
    $$$$$:  128-block  7
    $$$$$:  128-block  8
call   23 never executed
    $$$$$:  128-block  9
    $$$$$:  128-block 10
call   24 never executed
    $$$$$:  128-block 11
    $$$$$:  128-block 12
call   25 never executed
    $$$$$:  128-block 13
    $$$$$:  128-block 14
call   26 never executed
    $$$$$:  128-block 15
        -:  129:
       1*:  130:    assert(test_service.get_all_medicamente().size() == 3);
call    0 returned 1
branch  1 taken 1 (fallthrough)
branch  2 taken 0 (throw)
        1:  130-block  0
call    3 returned 1
branch  4 taken 0 (fallthrough)
branch  5 taken 1
    %%%%%:  130-block  1
call    6 never executed
        -:  131:    try{
       7*:  132:        test_service.add_medicament("fervex","beta","ibuprofen",89.7);
        1:  132-block  0
call    0 returned 1
call    1 returned 1
branch  2 taken 1 (fallthrough)
branch  3 taken 0 (throw)
        1:  132-block  1
call    4 returned 1
call    5 returned 1
branch  6 taken 1 (fallthrough)
branch  7 taken 0 (throw)
        1:  132-block  2
call    8 returned 1
call    9 returned 1
branch 10 taken 1 (fallthrough)
branch 11 taken 0 (throw)
        1:  132-block  3
call   12 returned 1
branch 13 taken 0 (fallthrough)
branch 14 taken 1 (throw)
    %%%%%:  132-block  4
call   15 never executed
call   16 never executed
call   17 never executed
call   18 never executed
call   19 never executed
call   20 never executed
        1:  132-block  5
call   21 returned 1
        1:  132-block  6
        1:  132-block  7
call   22 returned 1
        1:  132-block  8
        1:  132-block  9
call   23 returned 1
        1:  132-block 10
        1:  132-block 11
call   24 returned 1
        1:  132-block 12
        1:  132-block 13
call   25 returned 1
        1:  132-block 14
        1:  132-block 15
call   26 returned 1
        1:  132-block 16
    #####:  133:        assert(false);
call    0 never executed
        -:  134:    }
        1:  135:    catch(Repo_Exception&){
        1:  135-block  0
call    0 returned 1
call    1 returned 1
        -:  136:        assert(true);
        -:  137:    }
        -:  138:
        -:  139:    try{
        1:  140:        test_service.add_medicament("emetix","kapa","algocalmin",12.8);
        1:  140-block  0
call    0 returned 1
call    1 returned 1
branch  2 taken 1 (fallthrough)
branch  3 taken 0 (throw)
        1:  140-block  1
call    4 returned 1
call    5 returned 1
branch  6 taken 1 (fallthrough)
branch  7 taken 0 (throw)
        1:  140-block  2
call    8 returned 1
branch  9 taken 1 (fallthrough)
branch 10 taken 0 (throw)
        1:  140-block  3
call   11 returned 1
call   12 returned 1
call   13 returned 1
call   14 returned 1
call   15 returned 1
call   16 returned 1
call   17 returned 1
call   18 returned 1
branch 19 taken 1 (fallthrough)
branch 20 taken 0 (throw)
    $$$$$:  140-block  4
call   21 never executed
    $$$$$:  140-block  5
    $$$$$:  140-block  6
call   22 never executed
    $$$$$:  140-block  7
    $$$$$:  140-block  8
call   23 never executed
    $$$$$:  140-block  9
    $$$$$:  140-block 10
call   24 never executed
    $$$$$:  140-block 11
    $$$$$:  140-block 12
call   25 never executed
    $$$$$:  140-block 13
    $$$$$:  140-block 14
call   26 never executed
    $$$$$:  140-block 15
        -:  141:        assert(true);
        -:  142:    }
    =====:  143:    catch(Validation_Exception&) {
    $$$$$:  143-block  0
call    0 never executed
    =====:  144:        assert(false);
call    0 never executed
        -:  145:    }
        -:  146:
        -:  147:    try{
        7:  148:        test_service.add_medicament("","beta","ibuprofen",89.7);
call    0 returned 1
call    1 returned 1
branch  2 taken 1 (fallthrough)
branch  3 taken 0 (throw)
        1:  148-block  0
call    4 returned 1
call    5 returned 1
branch  6 taken 1 (fallthrough)
branch  7 taken 0 (throw)
        1:  148-block  1
call    8 returned 1
call    9 returned 1
branch 10 taken 1 (fallthrough)
branch 11 taken 0 (throw)
        1:  148-block  2
call   12 returned 1
branch 13 taken 0 (fallthrough)
branch 14 taken 1 (throw)
    $$$$$:  148-block  3
call   15 never executed
call   16 never executed
call   17 never executed
call   18 never executed
call   19 never executed
call   20 never executed
        1:  148-block  4
call   21 returned 1
        1:  148-block  5
        1:  148-block  6
call   22 returned 1
        1:  148-block  7
        1:  148-block  8
call   23 returned 1
        1:  148-block  9
        1:  148-block 10
call   24 returned 1
        1:  148-block 11
        1:  148-block 12
call   25 returned 1
        1:  148-block 13
        1:  148-block 14
call   26 returned 1
        1:  148-block 15
    =====:  149:        assert(false);
call    0 never executed
        -:  150:    }
        1:  151:    catch(Validation_Exception& ){
        1:  151-block  0
call    0 returned 1
call    1 returned 1
        -:  152:        assert(true);
        -:  153:    }
        -:  154:
        -:  155:    try{
        7:  156:        test_service.add_medicament("acc","","ibuprofen",89.7);
        1:  156-block  0
call    0 returned 1
call    1 returned 1
branch  2 taken 1 (fallthrough)
branch  3 taken 0 (throw)
        1:  156-block  1
call    4 returned 1
call    5 returned 1
branch  6 taken 1 (fallthrough)
branch  7 taken 0 (throw)
        1:  156-block  2
call    8 returned 1
branch  9 taken 0 (fallthrough)
branch 10 taken 1 (throw)
    $$$$$:  156-block  3
call   11 never executed
call   12 never executed
call   13 never executed
call   14 never executed
call   15 never executed
call   16 never executed
call   17 returned 1
call   18 returned 1
branch 19 taken 1 (fallthrough)
branch 20 taken 0 (throw)
        1:  156-block  4
call   21 returned 1
        1:  156-block  5
        1:  156-block  6
call   22 returned 1
        1:  156-block  7
        1:  156-block  8
call   23 returned 1
        1:  156-block  9
        1:  156-block 10
call   24 returned 1
        1:  156-block 11
        1:  156-block 12
call   25 returned 1
        1:  156-block 13
        1:  156-block 14
call   26 returned 1
        1:  156-block 15
    =====:  157:        assert(false);
call    0 never executed
        -:  158:    }
        1:  159:    catch (Validation_Exception&){
        1:  159-block  0
call    0 returned 1
call    1 returned 1
        -:  160:        assert(true);
        -:  161:    }
        -:  162:
        -:  163:    try{
        7:  164:        test_service.add_medicament("acc","beta","",89.7);
        1:  164-block  0
call    0 returned 1
call    1 returned 1
branch  2 taken 1 (fallthrough)
branch  3 taken 0 (throw)
        1:  164-block  1
call    4 returned 1
call    5 returned 1
branch  6 taken 1 (fallthrough)
branch  7 taken 0 (throw)
        1:  164-block  2
call    8 returned 1
branch  9 taken 0 (fallthrough)
branch 10 taken 1 (throw)
    $$$$$:  164-block  3
call   11 never executed
call   12 never executed
call   13 never executed
call   14 never executed
call   15 never executed
call   16 never executed
call   17 returned 1
call   18 returned 1
branch 19 taken 1 (fallthrough)
branch 20 taken 0 (throw)
        1:  164-block  4
call   21 returned 1
        1:  164-block  5
        1:  164-block  6
call   22 returned 1
        1:  164-block  7
        1:  164-block  8
call   23 returned 1
        1:  164-block  9
        1:  164-block 10
call   24 returned 1
        1:  164-block 11
        1:  164-block 12
call   25 returned 1
        1:  164-block 13
        1:  164-block 14
call   26 returned 1
        1:  164-block 15
    =====:  165:        assert(false);
call    0 never executed
        -:  166:    }
        1:  167:    catch (Validation_Exception&){
        1:  167-block  0
call    0 returned 1
call    1 returned 1
        -:  168:        assert(true);
        -:  169:    }
        -:  170:
        -:  171:    try{
        7:  172:        test_service.add_medicament("acc","beta","ibuprofen",-89.7);
        1:  172-block  0
call    0 returned 1
call    1 returned 1
branch  2 taken 1 (fallthrough)
branch  3 taken 0 (throw)
        1:  172-block  1
call    4 returned 1
call    5 returned 1
branch  6 taken 1 (fallthrough)
branch  7 taken 0 (throw)
        1:  172-block  2
call    8 returned 1
branch  9 taken 0 (fallthrough)
branch 10 taken 1 (throw)
    $$$$$:  172-block  3
call   11 never executed
call   12 never executed
call   13 never executed
call   14 never executed
call   15 never executed
call   16 never executed
call   17 returned 1
call   18 returned 1
branch 19 taken 1 (fallthrough)
branch 20 taken 0 (throw)
        1:  172-block  4
call   21 returned 1
        1:  172-block  5
        1:  172-block  6
call   22 returned 1
        1:  172-block  7
        1:  172-block  8
call   23 returned 1
        1:  172-block  9
        1:  172-block 10
call   24 returned 1
        1:  172-block 11
        1:  172-block 12
call   25 returned 1
        1:  172-block 13
        1:  172-block 14
call   26 returned 1
        1:  172-block 15
    =====:  173:        assert(false);
call    0 never executed
        -:  174:    }
        1:  175:    catch (Validation_Exception&){
        1:  175-block  0
call    0 returned 1
call    1 returned 1
        -:  176:        assert(true);
        -:  177:    }
        -:  178:
        1:  179:}
        -:  180:
function _Z20test_modificare_repov called 1 returned 100% blocks executed 46%
        1:  181:void test_modificare_repo(){
        2:  182:    Medicament_Repository test_repo;
        1:  182-block  0
call    0 returned 1
call    1 returned 1
    $$$$$:  182-block  1
call    2 never executed
        3:  183:    Medicament med1{"fervex", "alfa", "calciu",23.7};
call    0 returned 1
call    1 returned 1
branch  2 taken 1 (fallthrough)
branch  3 taken 0 (throw)
        1:  183-block  0
call    4 returned 1
call    5 returned 1
branch  6 taken 1 (fallthrough)
branch  7 taken 0 (throw)
        1:  183-block  1
call    8 returned 1
call    9 returned 1
branch 10 taken 1 (fallthrough)
branch 11 taken 0 (throw)
        1:  183-block  2
call   12 returned 1
branch 13 taken 1 (fallthrough)
branch 14 taken 0 (throw)
call   15 returned 1
call   16 returned 1
call   17 returned 1
call   18 returned 1
call   19 returned 1
    $$$$$:  183-block  3
    $$$$$:  183-block  4
    $$$$$:  183-block  5
    $$$$$:  183-block  6
    $$$$$:  183-block  7
    $$$$$:  183-block  8
call   20 returned 1
    $$$$$:  183-block  9
call   21 never executed
        1:  184:    test_repo.store(med1);
call    0 returned 1
branch  1 taken 1 (fallthrough)
branch  2 taken 0 (throw)
       1*:  185:    assert(test_repo.get_all_medicamente().size()==1);
        1:  185-block  0
call    0 returned 1
branch  1 taken 1 (fallthrough)
branch  2 taken 0 (throw)
        1:  185-block  1
call    3 returned 1
branch  4 taken 0 (fallthrough)
branch  5 taken 1
    %%%%%:  185-block  2
call    6 never executed
        3:  186:    Medicament med2{"fervex","alfa", "calciu",21};
        1:  186-block  0
call    0 returned 1
call    1 returned 1
branch  2 taken 1 (fallthrough)
branch  3 taken 0 (throw)
        1:  186-block  1
call    4 returned 1
call    5 returned 1
branch  6 taken 1 (fallthrough)
branch  7 taken 0 (throw)
        1:  186-block  2
call    8 returned 1
call    9 returned 1
branch 10 taken 1 (fallthrough)
branch 11 taken 0 (throw)
        1:  186-block  3
call   12 returned 1
branch 13 taken 1 (fallthrough)
branch 14 taken 0 (throw)
call   15 returned 1
call   16 returned 1
call   17 returned 1
call   18 returned 1
call   19 returned 1
    $$$$$:  186-block  4
    $$$$$:  186-block  5
    $$$$$:  186-block  6
    $$$$$:  186-block  7
    $$$$$:  186-block  8
    $$$$$:  186-block  9
call   20 returned 1
    $$$$$:  186-block 10
call   21 never executed
        1:  187:    test_repo.modificare_pret_repo(med2);
call    0 returned 1
branch  1 taken 1 (fallthrough)
branch  2 taken 0 (throw)
       1*:  188:    assert(test_repo.find("fervex","alfa").get_pret() == 21);
        1:  188-block  0
call    0 returned 1
call    1 returned 1
branch  2 taken 1 (fallthrough)
branch  3 taken 0 (throw)
        1:  188-block  1
call    4 returned 1
call    5 returned 1
branch  6 taken 1 (fallthrough)
branch  7 taken 0 (throw)
        1:  188-block  2
call    8 returned 1
branch  9 taken 1 (fallthrough)
branch 10 taken 0 (throw)
        1:  188-block  3
call   11 returned 1
branch 12 taken 1 (fallthrough)
branch 13 taken 0 (throw)
        1:  188-block  4
branch 14 taken 0 (fallthrough)
branch 15 taken 1
    %%%%%:  188-block  5
call   16 never executed
        1:  188-block  6
call   17 returned 1
call   18 returned 1
call   19 returned 1
call   20 returned 1
    $$$$$:  188-block  7
call   21 never executed
    $$$$$:  188-block  8
    $$$$$:  188-block  9
call   22 never executed
    $$$$$:  188-block 10
    $$$$$:  188-block 11
call   23 never executed
    $$$$$:  188-block 12
    $$$$$:  188-block 13
call   24 never executed
    $$$$$:  188-block 14
        3:  189:    Medicament med3{"coldrex","beta","sodiu",13};
call    0 returned 1
call    1 returned 1
branch  2 taken 1 (fallthrough)
branch  3 taken 0 (throw)
        1:  189-block  0
call    4 returned 1
call    5 returned 1
branch  6 taken 1 (fallthrough)
branch  7 taken 0 (throw)
        1:  189-block  1
call    8 returned 1
call    9 returned 1
branch 10 taken 1 (fallthrough)
branch 11 taken 0 (throw)
        1:  189-block  2
call   12 returned 1
branch 13 taken 1 (fallthrough)
branch 14 taken 0 (throw)
call   15 returned 1
call   16 returned 1
call   17 returned 1
call   18 returned 1
call   19 returned 1
    $$$$$:  189-block  3
    $$$$$:  189-block  4
    $$$$$:  189-block  5
    $$$$$:  189-block  6
    $$$$$:  189-block  7
    $$$$$:  189-block  8
call   20 returned 1
    $$$$$:  189-block  9
call   21 never executed
        -:  190:    try{
        1:  191:        test_repo.modificare_pret_repo(med3);
call    0 returned 1
branch  1 taken 0 (fallthrough)
branch  2 taken 1 (throw)
    #####:  192:        assert(false);
    %%%%%:  192-block  0
call    0 never executed
        -:  193:    }
        1:  194:    catch (Repo_Exception& re) {
        1:  194-block  0
call    0 returned 1
call    1 returned 1
        -:  195:        assert(true);
        -:  196:    }
        1:  197:}
        -:  198:
function _Z23test_modificare_servicev called 1 returned 100% blocks executed 45%
        1:  199:void test_modificare_service(){
        2:  200:    Medicament_Repository test_repo;
        1:  200-block  0
call    0 returned 1
call    1 returned 1
    $$$$$:  200-block  1
call    2 never executed
        -:  201:    Medicament_Validator test_val;
        2:  202:    Medicamente_Service test_service{test_repo, test_val};
call    0 returned 1
        1:  202-block  0
call    1 returned 1
    $$$$$:  202-block  1
call    2 never executed
        -:  203:
        1:  204:    test_service.add_medicament("fervex","beta","ibuprofen",89.7);
call    0 returned 1
call    1 returned 1
branch  2 taken 1 (fallthrough)
branch  3 taken 0 (throw)
        1:  204-block  0
call    4 returned 1
call    5 returned 1
branch  6 taken 1 (fallthrough)
branch  7 taken 0 (throw)
        1:  204-block  1
call    8 returned 1
call    9 returned 1
branch 10 taken 1 (fallthrough)
branch 11 taken 0 (throw)
        1:  204-block  2
call   12 returned 1
branch 13 taken 1 (fallthrough)
branch 14 taken 0 (throw)
        1:  204-block  3
call   15 returned 1
call   16 returned 1
call   17 returned 1
call   18 returned 1
call   19 returned 1
call   20 returned 1
    $$$$$:  204-block  4
call   21 never executed
    $$$$$:  204-block  5
    $$$$$:  204-block  6
call   22 never executed
    $$$$$:  204-block  7
    $$$$$:  204-block  8
call   23 never executed
    $$$$$:  204-block  9
    $$$$$:  204-block 10
call   24 never executed
    $$$$$:  204-block 11
    $$$$$:  204-block 12
call   25 never executed
    $$$$$:  204-block 13
    $$$$$:  204-block 14
call   26 never executed
    $$$$$:  204-block 15
        1:  205:    test_service.add_medicament("coldrex","alfa","paracetamol",9.5);
call    0 returned 1
call    1 returned 1
branch  2 taken 1 (fallthrough)
branch  3 taken 0 (throw)
        1:  205-block  0
call    4 returned 1
call    5 returned 1
branch  6 taken 1 (fallthrough)
branch  7 taken 0 (throw)
        1:  205-block  1
call    8 returned 1
call    9 returned 1
branch 10 taken 1 (fallthrough)
branch 11 taken 0 (throw)
        1:  205-block  2
call   12 returned 1
branch 13 taken 1 (fallthrough)
branch 14 taken 0 (throw)
        1:  205-block  3
call   15 returned 1
call   16 returned 1
call   17 returned 1
call   18 returned 1
call   19 returned 1
call   20 returned 1
    $$$$$:  205-block  4
call   21 never executed
    $$$$$:  205-block  5
    $$$$$:  205-block  6
call   22 never executed
    $$$$$:  205-block  7
    $$$$$:  205-block  8
call   23 never executed
    $$$$$:  205-block  9
    $$$$$:  205-block 10
call   24 never executed
    $$$$$:  205-block 11
    $$$$$:  205-block 12
call   25 never executed
    $$$$$:  205-block 13
    $$$$$:  205-block 14
call   26 never executed
    $$$$$:  205-block 15
        1:  206:    test_service.add_medicament("theraflu","omega","calciu",3.8);
call    0 returned 1
call    1 returned 1
branch  2 taken 1 (fallthrough)
branch  3 taken 0 (throw)
        1:  206-block  0
call    4 returned 1
call    5 returned 1
branch  6 taken 1 (fallthrough)
branch  7 taken 0 (throw)
        1:  206-block  1
call    8 returned 1
call    9 returned 1
branch 10 taken 1 (fallthrough)
branch 11 taken 0 (throw)
        1:  206-block  2
call   12 returned 1
branch 13 taken 1 (fallthrough)
branch 14 taken 0 (throw)
        1:  206-block  3
call   15 returned 1
call   16 returned 1
call   17 returned 1
call   18 returned 1
call   19 returned 1
call   20 returned 1
    $$$$$:  206-block  4
call   21 never executed
    $$$$$:  206-block  5
    $$$$$:  206-block  6
call   22 never executed
    $$$$$:  206-block  7
    $$$$$:  206-block  8
call   23 never executed
    $$$$$:  206-block  9
    $$$$$:  206-block 10
call   24 never executed
    $$$$$:  206-block 11
    $$$$$:  206-block 12
call   25 never executed
    $$$$$:  206-block 13
    $$$$$:  206-block 14
call   26 never executed
    $$$$$:  206-block 15
        -:  207:
        1:  208:    test_service.modifica_pret_service("fervex","beta","ibuprofen", 7);
call    0 returned 1
call    1 returned 1
branch  2 taken 1 (fallthrough)
branch  3 taken 0 (throw)
        1:  208-block  0
call    4 returned 1
call    5 returned 1
branch  6 taken 1 (fallthrough)
branch  7 taken 0 (throw)
        1:  208-block  1
call    8 returned 1
call    9 returned 1
branch 10 taken 1 (fallthrough)
branch 11 taken 0 (throw)
        1:  208-block  2
call   12 returned 1
branch 13 taken 1 (fallthrough)
branch 14 taken 0 (throw)
        1:  208-block  3
call   15 returned 1
call   16 returned 1
call   17 returned 1
call   18 returned 1
call   19 returned 1
call   20 returned 1
    $$$$$:  208-block  4
call   21 never executed
    $$$$$:  208-block  5
    $$$$$:  208-block  6
call   22 never executed
    $$$$$:  208-block  7
    $$$$$:  208-block  8
call   23 never executed
    $$$$$:  208-block  9
    $$$$$:  208-block 10
call   24 never executed
    $$$$$:  208-block 11
    $$$$$:  208-block 12
call   25 never executed
    $$$$$:  208-block 13
    $$$$$:  208-block 14
call   26 never executed
    $$$$$:  208-block 15
       1*:  209:    assert(test_service.get_all_medicamente()[0].get_pret() == 7);
call    0 returned 1
branch  1 taken 1 (fallthrough)
branch  2 taken 0 (throw)
        1:  209-block  0
call    3 returned 1
call    4 returned 1
branch  5 taken 1 (fallthrough)
branch  6 taken 0 (throw)
        1:  209-block  1
branch  7 taken 0 (fallthrough)
branch  8 taken 1
    %%%%%:  209-block  2
call    9 never executed
        -:  210:
        1:  211:}
        -:  212:
function _Z18test_stergere_repov called 1 returned 100% blocks executed 51%
        1:  213:void test_stergere_repo(){
        2:  214:    Medicament_Repository test_repo;
        1:  214-block  0
call    0 returned 1
call    1 returned 1
    $$$$$:  214-block  1
call    2 never executed
        3:  215:    Medicament med1{"coldrex", "alfa","calciu",34.8};
call    0 returned 1
call    1 returned 1
branch  2 taken 1 (fallthrough)
branch  3 taken 0 (throw)
        1:  215-block  0
call    4 returned 1
call    5 returned 1
branch  6 taken 1 (fallthrough)
branch  7 taken 0 (throw)
        1:  215-block  1
call    8 returned 1
call    9 returned 1
branch 10 taken 1 (fallthrough)
branch 11 taken 0 (throw)
        1:  215-block  2
call   12 returned 1
branch 13 taken 1 (fallthrough)
branch 14 taken 0 (throw)
call   15 returned 1
call   16 returned 1
call   17 returned 1
call   18 returned 1
call   19 returned 1
    $$$$$:  215-block  3
    $$$$$:  215-block  4
    $$$$$:  215-block  5
    $$$$$:  215-block  6
    $$$$$:  215-block  7
    $$$$$:  215-block  8
call   20 returned 1
    $$$$$:  215-block  9
call   21 never executed
        1:  216:    test_repo.store(med1);
call    0 returned 1
branch  1 taken 1 (fallthrough)
branch  2 taken 0 (throw)
       1*:  217:    assert(test_repo.get_all_medicamente().size() == 1);
        1:  217-block  0
call    0 returned 1
branch  1 taken 1 (fallthrough)
branch  2 taken 0 (throw)
        1:  217-block  1
call    3 returned 1
branch  4 taken 0 (fallthrough)
branch  5 taken 1
    %%%%%:  217-block  2
call    6 never executed
        -:  218:
        3:  219:    Medicament med2{"fervex", "beta","sodiu",13};
        1:  219-block  0
call    0 returned 1
call    1 returned 1
branch  2 taken 1 (fallthrough)
branch  3 taken 0 (throw)
        1:  219-block  1
call    4 returned 1
call    5 returned 1
branch  6 taken 1 (fallthrough)
branch  7 taken 0 (throw)
        1:  219-block  2
call    8 returned 1
call    9 returned 1
branch 10 taken 1 (fallthrough)
branch 11 taken 0 (throw)
        1:  219-block  3
call   12 returned 1
branch 13 taken 1 (fallthrough)
branch 14 taken 0 (throw)
call   15 returned 1
call   16 returned 1
call   17 returned 1
call   18 returned 1
call   19 returned 1
    $$$$$:  219-block  4
    $$$$$:  219-block  5
    $$$$$:  219-block  6
    $$$$$:  219-block  7
    $$$$$:  219-block  8
    $$$$$:  219-block  9
call   20 returned 1
    $$$$$:  219-block 10
call   21 never executed
        1:  220:    test_repo.store(med2);
call    0 returned 1
branch  1 taken 1 (fallthrough)
branch  2 taken 0 (throw)
       1*:  221:    assert(test_repo.get_all_medicamente().size()==2);
        1:  221-block  0
call    0 returned 1
branch  1 taken 1 (fallthrough)
branch  2 taken 0 (throw)
        1:  221-block  1
call    3 returned 1
branch  4 taken 0 (fallthrough)
branch  5 taken 1
    %%%%%:  221-block  2
call    6 never executed
        1:  222:    test_repo.stergere_repo(med2);
        1:  222-block  0
call    0 returned 1
branch  1 taken 1 (fallthrough)
branch  2 taken 0 (throw)
       1*:  223:    assert(test_repo.get_all_medicamente().size() == 1);
        1:  223-block  0
call    0 returned 1
branch  1 taken 1 (fallthrough)
branch  2 taken 0 (throw)
        1:  223-block  1
call    3 returned 1
branch  4 taken 0 (fallthrough)
branch  5 taken 1
    %%%%%:  223-block  2
call    6 never executed
        -:  224:
        -:  225:    try{
        1:  226:        test_repo.stergere_repo(med2);
        1:  226-block  0
call    0 returned 1
branch  1 taken 0 (fallthrough)
branch  2 taken 1 (throw)
    #####:  227:        assert(false);
    %%%%%:  227-block  0
call    0 never executed
        -:  228:    }
        1:  229:    catch (Repo_Exception& re){
        1:  229-block  0
call    0 returned 1
call    1 returned 1
        -:  230:        assert(true);
        -:  231:    }
        -:  232:
        1:  233:}
        -:  234:
function _Z21test_stergere_servicev called 1 returned 100% blocks executed 45%
        1:  235:void test_stergere_service() {
        2:  236:    Medicament_Repository test_repo;
        1:  236-block  0
call    0 returned 1
call    1 returned 1
    $$$$$:  236-block  1
call    2 never executed
        -:  237:    Medicament_Validator test_val;
        2:  238:    Medicamente_Service test_service{test_repo, test_val};
call    0 returned 1
        1:  238-block  0
call    1 returned 1
    $$$$$:  238-block  1
call    2 never executed
        -:  239:
        1:  240:    test_service.add_medicament("fervex","beta","ibuprofen",7);
call    0 returned 1
call    1 returned 1
branch  2 taken 1 (fallthrough)
branch  3 taken 0 (throw)
        1:  240-block  0
call    4 returned 1
call    5 returned 1
branch  6 taken 1 (fallthrough)
branch  7 taken 0 (throw)
        1:  240-block  1
call    8 returned 1
call    9 returned 1
branch 10 taken 1 (fallthrough)
branch 11 taken 0 (throw)
        1:  240-block  2
call   12 returned 1
branch 13 taken 1 (fallthrough)
branch 14 taken 0 (throw)
        1:  240-block  3
call   15 returned 1
call   16 returned 1
call   17 returned 1
call   18 returned 1
call   19 returned 1
call   20 returned 1
    $$$$$:  240-block  4
call   21 never executed
    $$$$$:  240-block  5
    $$$$$:  240-block  6
call   22 never executed
    $$$$$:  240-block  7
    $$$$$:  240-block  8
call   23 never executed
    $$$$$:  240-block  9
    $$$$$:  240-block 10
call   24 never executed
    $$$$$:  240-block 11
    $$$$$:  240-block 12
call   25 never executed
    $$$$$:  240-block 13
    $$$$$:  240-block 14
call   26 never executed
    $$$$$:  240-block 15
        1:  241:    test_service.add_medicament("coldrex","alfa","paracetamol",9.5);
call    0 returned 1
call    1 returned 1
branch  2 taken 1 (fallthrough)
branch  3 taken 0 (throw)
        1:  241-block  0
call    4 returned 1
call    5 returned 1
branch  6 taken 1 (fallthrough)
branch  7 taken 0 (throw)
        1:  241-block  1
call    8 returned 1
call    9 returned 1
branch 10 taken 1 (fallthrough)
branch 11 taken 0 (throw)
        1:  241-block  2
call   12 returned 1
branch 13 taken 1 (fallthrough)
branch 14 taken 0 (throw)
        1:  241-block  3
call   15 returned 1
call   16 returned 1
call   17 returned 1
call   18 returned 1
call   19 returned 1
call   20 returned 1
    $$$$$:  241-block  4
call   21 never executed
    $$$$$:  241-block  5
    $$$$$:  241-block  6
call   22 never executed
    $$$$$:  241-block  7
    $$$$$:  241-block  8
call   23 never executed
    $$$$$:  241-block  9
    $$$$$:  241-block 10
call   24 never executed
    $$$$$:  241-block 11
    $$$$$:  241-block 12
call   25 never executed
    $$$$$:  241-block 13
    $$$$$:  241-block 14
call   26 never executed
    $$$$$:  241-block 15
        1:  242:    test_service.add_medicament("theraflu","omega","calciu",3.8);
call    0 returned 1
call    1 returned 1
branch  2 taken 1 (fallthrough)
branch  3 taken 0 (throw)
        1:  242-block  0
call    4 returned 1
call    5 returned 1
branch  6 taken 1 (fallthrough)
branch  7 taken 0 (throw)
        1:  242-block  1
call    8 returned 1
call    9 returned 1
branch 10 taken 1 (fallthrough)
branch 11 taken 0 (throw)
        1:  242-block  2
call   12 returned 1
branch 13 taken 1 (fallthrough)
branch 14 taken 0 (throw)
        1:  242-block  3
call   15 returned 1
call   16 returned 1
call   17 returned 1
call   18 returned 1
call   19 returned 1
call   20 returned 1
    $$$$$:  242-block  4
call   21 never executed
    $$$$$:  242-block  5
    $$$$$:  242-block  6
call   22 never executed
    $$$$$:  242-block  7
    $$$$$:  242-block  8
call   23 never executed
    $$$$$:  242-block  9
    $$$$$:  242-block 10
call   24 never executed
    $$$$$:  242-block 11
    $$$$$:  242-block 12
call   25 never executed
    $$$$$:  242-block 13
    $$$$$:  242-block 14
call   26 never executed
    $$$$$:  242-block 15
        -:  243:
       1*:  244:    assert(test_service.get_all_medicamente().size() == 3);
call    0 returned 1
branch  1 taken 1 (fallthrough)
branch  2 taken 0 (throw)
        1:  244-block  0
call    3 returned 1
branch  4 taken 0 (fallthrough)
branch  5 taken 1
    %%%%%:  244-block  1
call    6 never executed
        1:  245:    test_service.stergere_service("fervex","beta","ibuprofen", 7);
        1:  245-block  0
call    0 returned 1
call    1 returned 1
branch  2 taken 1 (fallthrough)
branch  3 taken 0 (throw)
        1:  245-block  1
call    4 returned 1
call    5 returned 1
branch  6 taken 1 (fallthrough)
branch  7 taken 0 (throw)
        1:  245-block  2
call    8 returned 1
call    9 returned 1
branch 10 taken 1 (fallthrough)
branch 11 taken 0 (throw)
        1:  245-block  3
call   12 returned 1
branch 13 taken 1 (fallthrough)
branch 14 taken 0 (throw)
        1:  245-block  4
call   15 returned 1
call   16 returned 1
call   17 returned 1
call   18 returned 1
call   19 returned 1
call   20 returned 1
    $$$$$:  245-block  5
call   21 never executed
    $$$$$:  245-block  6
    $$$$$:  245-block  7
call   22 never executed
    $$$$$:  245-block  8
    $$$$$:  245-block  9
call   23 never executed
    $$$$$:  245-block 10
    $$$$$:  245-block 11
call   24 never executed
    $$$$$:  245-block 12
    $$$$$:  245-block 13
call   25 never executed
    $$$$$:  245-block 14
    $$$$$:  245-block 15
call   26 never executed
    $$$$$:  245-block 16
       1*:  246:    assert(test_service.get_all_medicamente().size() == 2);
call    0 returned 1
branch  1 taken 1 (fallthrough)
branch  2 taken 0 (throw)
        1:  246-block  0
call    3 returned 1
branch  4 taken 0 (fallthrough)
branch  5 taken 1
    %%%%%:  246-block  1
call    6 never executed
        -:  247:
        1:  248:}
        -:  249:
function _Z21test_filtrare_servicev called 1 returned 100% blocks executed 47%
        1:  250:void test_filtrare_service(){
        2:  251:    Medicament_Repository test_repo;
        1:  251-block  0
call    0 returned 1
call    1 returned 1
    $$$$$:  251-block  1
call    2 never executed
        -:  252:    Medicament_Validator test_val;
        2:  253:    Medicamente_Service test_service{test_repo, test_val};
call    0 returned 1
call    1 returned 1
    $$$$$:  253-block  0
call    2 never executed
        -:  254:
        1:  255:    test_service.add_medicament("fervex","beta","calciu",89.7);
call    0 returned 1
call    1 returned 1
branch  2 taken 1 (fallthrough)
branch  3 taken 0 (throw)
        1:  255-block  0
call    4 returned 1
call    5 returned 1
branch  6 taken 1 (fallthrough)
branch  7 taken 0 (throw)
        1:  255-block  1
call    8 returned 1
call    9 returned 1
branch 10 taken 1 (fallthrough)
branch 11 taken 0 (throw)
        1:  255-block  2
call   12 returned 1
branch 13 taken 1 (fallthrough)
branch 14 taken 0 (throw)
        1:  255-block  3
call   15 returned 1
call   16 returned 1
call   17 returned 1
call   18 returned 1
call   19 returned 1
call   20 returned 1
    $$$$$:  255-block  4
call   21 never executed
    $$$$$:  255-block  5
    $$$$$:  255-block  6
call   22 never executed
    $$$$$:  255-block  7
    $$$$$:  255-block  8
call   23 never executed
    $$$$$:  255-block  9
    $$$$$:  255-block 10
call   24 never executed
    $$$$$:  255-block 11
    $$$$$:  255-block 12
call   25 never executed
    $$$$$:  255-block 13
    $$$$$:  255-block 14
call   26 never executed
    $$$$$:  255-block 15
        1:  256:    test_service.add_medicament("coldrex","alfa","paracetamol",9);
call    0 returned 1
call    1 returned 1
branch  2 taken 1 (fallthrough)
branch  3 taken 0 (throw)
        1:  256-block  0
call    4 returned 1
call    5 returned 1
branch  6 taken 1 (fallthrough)
branch  7 taken 0 (throw)
        1:  256-block  1
call    8 returned 1
call    9 returned 1
branch 10 taken 1 (fallthrough)
branch 11 taken 0 (throw)
        1:  256-block  2
call   12 returned 1
branch 13 taken 1 (fallthrough)
branch 14 taken 0 (throw)
        1:  256-block  3
call   15 returned 1
call   16 returned 1
call   17 returned 1
call   18 returned 1
call   19 returned 1
call   20 returned 1
    $$$$$:  256-block  4
call   21 never executed
    $$$$$:  256-block  5
    $$$$$:  256-block  6
call   22 never executed
    $$$$$:  256-block  7
    $$$$$:  256-block  8
call   23 never executed
    $$$$$:  256-block  9
    $$$$$:  256-block 10
call   24 never executed
    $$$$$:  256-block 11
    $$$$$:  256-block 12
call   25 never executed
    $$$$$:  256-block 13
    $$$$$:  256-block 14
call   26 never executed
    $$$$$:  256-block 15
        1:  257:    test_service.add_medicament("theraflu","omega","calciu",9);
call    0 returned 1
call    1 returned 1
branch  2 taken 1 (fallthrough)
branch  3 taken 0 (throw)
        1:  257-block  0
call    4 returned 1
call    5 returned 1
branch  6 taken 1 (fallthrough)
branch  7 taken 0 (throw)
        1:  257-block  1
call    8 returned 1
call    9 returned 1
branch 10 taken 1 (fallthrough)
branch 11 taken 0 (throw)
        1:  257-block  2
call   12 returned 1
branch 13 taken 1 (fallthrough)
branch 14 taken 0 (throw)
        1:  257-block  3
call   15 returned 1
call   16 returned 1
call   17 returned 1
call   18 returned 1
call   19 returned 1
call   20 returned 1
    $$$$$:  257-block  4
call   21 never executed
    $$$$$:  257-block  5
    $$$$$:  257-block  6
call   22 never executed
    $$$$$:  257-block  7
    $$$$$:  257-block  8
call   23 never executed
    $$$$$:  257-block  9
    $$$$$:  257-block 10
call   24 never executed
    $$$$$:  257-block 11
    $$$$$:  257-block 12
call   25 never executed
    $$$$$:  257-block 13
    $$$$$:  257-block 14
call   26 never executed
    $$$$$:  257-block 15
        -:  258:
        -:  259:
        2:  260:    vector<Medicament> rezultat;
call    0 returned 1
call    1 returned 1
    $$$$$:  260-block  0
call    2 never executed
        1:  261:    rezultat = test_service.filtrare_substanta_activa("calciu");
call    0 returned 1
call    1 returned 1
branch  2 taken 1 (fallthrough)
branch  3 taken 0 (throw)
        1:  261-block  0
call    4 returned 1
branch  5 taken 1 (fallthrough)
branch  6 taken 0 (throw)
        1:  261-block  1
call    7 returned 1
call    8 returned 1
call    9 returned 1
call   10 returned 1
    $$$$$:  261-block  2
call   11 never executed
    $$$$$:  261-block  3
    $$$$$:  261-block  4
call   12 never executed
    $$$$$:  261-block  5
       1*:  262:    assert(rezultat.size() == 2);
call    0 returned 1
branch  1 taken 0 (fallthrough)
branch  2 taken 1
    %%%%%:  262-block  0
call    3 never executed
        -:  263:
        2:  264:    vector<Medicament> rezultat2;
        1:  264-block  0
call    0 returned 1
        1:  264-block  1
call    1 returned 1
    $$$$$:  264-block  2
call    2 never executed
        1:  265:    rezultat2 = test_service.filtrare_pret(9);
call    0 returned 1
branch  1 taken 1 (fallthrough)
branch  2 taken 0 (throw)
        1:  265-block  0
call    3 returned 1
call    4 returned 1
       1*:  266:    assert(rezultat.size() == 2);
call    0 returned 1
branch  1 taken 0 (fallthrough)
branch  2 taken 1
    %%%%%:  266-block  0
call    3 never executed
        -:  267:
        1:  268:}
        -:  269:
function _Z17test_sort_servicev called 1 returned 100% blocks executed 53%
        1:  270:void test_sort_service(){
        2:  271:    Medicament_Repository test_repo;
        1:  271-block  0
call    0 returned 1
call    1 returned 1
    $$$$$:  271-block  1
call    2 never executed
        -:  272:    Medicament_Validator test_val;
        2:  273:    Medicamente_Service test_service{test_repo, test_val};
call    0 returned 1
call    1 returned 1
    $$$$$:  273-block  0
call    2 never executed
        -:  274:
        1:  275:    test_service.add_medicament("fervex","beta","calciu",89.7);
call    0 returned 1
call    1 returned 1
branch  2 taken 1 (fallthrough)
branch  3 taken 0 (throw)
        1:  275-block  0
call    4 returned 1
call    5 returned 1
branch  6 taken 1 (fallthrough)
branch  7 taken 0 (throw)
        1:  275-block  1
call    8 returned 1
call    9 returned 1
branch 10 taken 1 (fallthrough)
branch 11 taken 0 (throw)
        1:  275-block  2
call   12 returned 1
branch 13 taken 1 (fallthrough)
branch 14 taken 0 (throw)
        1:  275-block  3
call   15 returned 1
call   16 returned 1
call   17 returned 1
call   18 returned 1
call   19 returned 1
call   20 returned 1
    $$$$$:  275-block  4
call   21 never executed
    $$$$$:  275-block  5
    $$$$$:  275-block  6
call   22 never executed
    $$$$$:  275-block  7
    $$$$$:  275-block  8
call   23 never executed
    $$$$$:  275-block  9
    $$$$$:  275-block 10
call   24 never executed
    $$$$$:  275-block 11
    $$$$$:  275-block 12
call   25 never executed
    $$$$$:  275-block 13
    $$$$$:  275-block 14
call   26 never executed
    $$$$$:  275-block 15
        1:  276:    test_service.add_medicament("coldrex","alfa","paracetamol",9);
call    0 returned 1
call    1 returned 1
branch  2 taken 1 (fallthrough)
branch  3 taken 0 (throw)
        1:  276-block  0
call    4 returned 1
call    5 returned 1
branch  6 taken 1 (fallthrough)
branch  7 taken 0 (throw)
        1:  276-block  1
call    8 returned 1
call    9 returned 1
branch 10 taken 1 (fallthrough)
branch 11 taken 0 (throw)
        1:  276-block  2
call   12 returned 1
branch 13 taken 1 (fallthrough)
branch 14 taken 0 (throw)
        1:  276-block  3
call   15 returned 1
call   16 returned 1
call   17 returned 1
call   18 returned 1
call   19 returned 1
call   20 returned 1
    $$$$$:  276-block  4
call   21 never executed
    $$$$$:  276-block  5
    $$$$$:  276-block  6
call   22 never executed
    $$$$$:  276-block  7
    $$$$$:  276-block  8
call   23 never executed
    $$$$$:  276-block  9
    $$$$$:  276-block 10
call   24 never executed
    $$$$$:  276-block 11
    $$$$$:  276-block 12
call   25 never executed
    $$$$$:  276-block 13
    $$$$$:  276-block 14
call   26 never executed
    $$$$$:  276-block 15
        1:  277:    test_service.add_medicament("theraflu","omega","calciu",9);
call    0 returned 1
call    1 returned 1
branch  2 taken 1 (fallthrough)
branch  3 taken 0 (throw)
        1:  277-block  0
call    4 returned 1
call    5 returned 1
branch  6 taken 1 (fallthrough)
branch  7 taken 0 (throw)
        1:  277-block  1
call    8 returned 1
call    9 returned 1
branch 10 taken 1 (fallthrough)
branch 11 taken 0 (throw)
        1:  277-block  2
call   12 returned 1
branch 13 taken 1 (fallthrough)
branch 14 taken 0 (throw)
        1:  277-block  3
call   15 returned 1
call   16 returned 1
call   17 returned 1
call   18 returned 1
call   19 returned 1
call   20 returned 1
    $$$$$:  277-block  4
call   21 never executed
    $$$$$:  277-block  5
    $$$$$:  277-block  6
call   22 never executed
    $$$$$:  277-block  7
    $$$$$:  277-block  8
call   23 never executed
    $$$$$:  277-block  9
    $$$$$:  277-block 10
call   24 never executed
    $$$$$:  277-block 11
    $$$$$:  277-block 12
call   25 never executed
    $$$$$:  277-block 13
    $$$$$:  277-block 14
call   26 never executed
    $$$$$:  277-block 15
        -:  278:
        1:  279:    auto first = test_service.sortdenumire(0)[0];
call    0 returned 1
branch  1 taken 1 (fallthrough)
branch  2 taken 0 (throw)
        1:  279-block  0
call    3 returned 1
call    4 returned 1
branch  5 taken 1 (fallthrough)
branch  6 taken 0 (throw)
    $$$$$:  279-block  1
    $$$$$:  279-block  2
call    7 never executed
       1*:  280:    assert(first.get_producator() == "alfa");
call    0 returned 1
branch  1 taken 1 (fallthrough)
branch  2 taken 0 (throw)
        1:  280-block  0
call    3 returned 1
branch  4 taken 0 (fallthrough)
branch  5 taken 1
    %%%%%:  280-block  1
call    6 never executed
        1:  280-block  2
call    7 returned 1
        -:  281:
        1:  282:    first = test_service.sortdenumire(1)[1];
call    0 returned 1
branch  1 taken 1 (fallthrough)
branch  2 taken 0 (throw)
        1:  282-block  0
call    3 returned 1
call    4 returned 1
branch  5 taken 1 (fallthrough)
branch  6 taken 0 (throw)
        1:  282-block  1
call    7 returned 1
    $$$$$:  282-block  2
call    8 never executed
    $$$$$:  282-block  3
       1*:  283:    assert(first.get_substanta_activa() == "calciu");
call    0 returned 1
branch  1 taken 1 (fallthrough)
branch  2 taken 0 (throw)
        1:  283-block  0
call    3 returned 1
branch  4 taken 0 (fallthrough)
branch  5 taken 1
    %%%%%:  283-block  1
call    6 never executed
        1:  283-block  2
call    7 returned 1
        -:  284:
        1:  285:    first = test_service.sortproducator(0)[0];
call    0 returned 1
branch  1 taken 1 (fallthrough)
branch  2 taken 0 (throw)
        1:  285-block  0
call    3 returned 1
call    4 returned 1
branch  5 taken 1 (fallthrough)
branch  6 taken 0 (throw)
        1:  285-block  1
call    7 returned 1
    $$$$$:  285-block  2
call    8 never executed
    $$$$$:  285-block  3
       1*:  286:    assert(first.get_denumire() == "coldrex");
call    0 returned 1
branch  1 taken 1 (fallthrough)
branch  2 taken 0 (throw)
        1:  286-block  0
call    3 returned 1
branch  4 taken 0 (fallthrough)
branch  5 taken 1
    %%%%%:  286-block  1
call    6 never executed
        1:  286-block  2
call    7 returned 1
        -:  287:
        1:  288:    first = test_service.sortproducator(1)[0];
call    0 returned 1
branch  1 taken 1 (fallthrough)
branch  2 taken 0 (throw)
        1:  288-block  0
call    3 returned 1
call    4 returned 1
branch  5 taken 1 (fallthrough)
branch  6 taken 0 (throw)
        1:  288-block  1
call    7 returned 1
    $$$$$:  288-block  2
call    8 never executed
    $$$$$:  288-block  3
       1*:  289:    assert(first.get_substanta_activa() == "calciu");
call    0 returned 1
branch  1 taken 1 (fallthrough)
branch  2 taken 0 (throw)
        1:  289-block  0
call    3 returned 1
branch  4 taken 0 (fallthrough)
branch  5 taken 1
    %%%%%:  289-block  1
call    6 never executed
        1:  289-block  2
call    7 returned 1
        -:  290:
        1:  291:    first = test_service.sortdsubstpret(0)[0];
call    0 returned 1
branch  1 taken 1 (fallthrough)
branch  2 taken 0 (throw)
        1:  291-block  0
call    3 returned 1
call    4 returned 1
branch  5 taken 1 (fallthrough)
branch  6 taken 0 (throw)
        1:  291-block  1
call    7 returned 1
    $$$$$:  291-block  2
call    8 never executed
    $$$$$:  291-block  3
       1*:  292:    assert(first.get_denumire() == "theraflu");
call    0 returned 1
branch  1 taken 1 (fallthrough)
branch  2 taken 0 (throw)
        1:  292-block  0
call    3 returned 1
branch  4 taken 0 (fallthrough)
branch  5 taken 1
    %%%%%:  292-block  1
call    6 never executed
        1:  292-block  2
call    7 returned 1
        -:  293:
        1:  294:    first = test_service.sortdsubstpret(1)[0];
call    0 returned 1
branch  1 taken 1 (fallthrough)
branch  2 taken 0 (throw)
        1:  294-block  0
call    3 returned 1
call    4 returned 1
branch  5 taken 1 (fallthrough)
branch  6 taken 0 (throw)
        1:  294-block  1
call    7 returned 1
    $$$$$:  294-block  2
call    8 never executed
    $$$$$:  294-block  3
       1*:  295:    assert(first.get_denumire() == "coldrex");
call    0 returned 1
branch  1 taken 1 (fallthrough)
branch  2 taken 0 (throw)
        1:  295-block  0
call    3 returned 1
branch  4 taken 0 (fallthrough)
branch  5 taken 1
    %%%%%:  295-block  1
call    6 never executed
        1:  295-block  2
call    7 returned 1
call    8 returned 1
        -:  296:
        1:  297:}
        -:  298:
function _Z11test_all_ofv called 1 returned 100% blocks executed 44%
        1:  299:void test_all_of(){
        2:  300:    Medicament_Repository test_repo;
        1:  300-block  0
call    0 returned 1
call    1 returned 1
    $$$$$:  300-block  1
call    2 never executed
        -:  301:    Medicament_Validator test_val;
        2:  302:    Medicamente_Service test_service{test_repo, test_val};
call    0 returned 1
        1:  302-block  0
call    1 returned 1
    $$$$$:  302-block  1
call    2 never executed
        -:  303:
        1:  304:    test_service.add_medicament("fervex","beta","calciu",89.7);
call    0 returned 1
call    1 returned 1
branch  2 taken 1 (fallthrough)
branch  3 taken 0 (throw)
        1:  304-block  0
call    4 returned 1
call    5 returned 1
branch  6 taken 1 (fallthrough)
branch  7 taken 0 (throw)
        1:  304-block  1
call    8 returned 1
call    9 returned 1
branch 10 taken 1 (fallthrough)
branch 11 taken 0 (throw)
        1:  304-block  2
call   12 returned 1
branch 13 taken 1 (fallthrough)
branch 14 taken 0 (throw)
        1:  304-block  3
call   15 returned 1
call   16 returned 1
call   17 returned 1
call   18 returned 1
call   19 returned 1
call   20 returned 1
    $$$$$:  304-block  4
call   21 never executed
    $$$$$:  304-block  5
    $$$$$:  304-block  6
call   22 never executed
    $$$$$:  304-block  7
    $$$$$:  304-block  8
[...]
branch  2 taken 1 (fallthrough)
branch  3 taken 0 (throw)
        1:  312-block  0
call    4 returned 1
branch  5 taken 1 (fallthrough)
branch  6 taken 0 (throw)
        1:  312-block  1
call    7 returned 1
call    8 returned 1
    $$$$$:  312-block  2
call    9 never executed
    $$$$$:  312-block  3
    $$$$$:  312-block  4
call   10 never executed
    $$$$$:  312-block  5
       1*:  313:    assert(rez2 == 0);
branch  0 taken 0 (fallthrough)
branch  1 taken 1
    %%%%%:  313-block  0
call    2 never executed
        1:  314:}
        -:  315:
function _Z9test_undov called 1 returned 100% blocks executed 47%
        1:  316:void test_undo(){
        2:  317:    Medicament_Repository test_repo;
        1:  317-block  0
call    0 returned 1
call    1 returned 1
    $$$$$:  317-block  1
call    2 never executed
        -:  318:    Medicament_Validator test_val;
        2:  319:    Medicamente_Service test_service{test_repo, test_val};
call    0 returned 1
        1:  319-block  0
call    1 returned 1
    $$$$$:  319-block  1
call    2 never executed
        -:  320:
        -:  321:    try {
        1:  322:        test_service.undo();
call    0 returned 1
branch  1 taken 0 (fallthrough)
branch  2 taken 1 (throw)
    #####:  323:        assert(false);
    %%%%%:  323-block  0
call    0 never executed
        -:  324:    }
        2:  325:    catch (UndoException& ue) {
        1:  325-block  0
call    0 returned 1
        1:  325-block  1
call    1 returned 1
branch  2 taken 1 (fallthrough)
branch  3 taken 0 (throw)
        -:  326:        assert(true);
        1:  327:        assert(ue.get_msg() == "Nu se poate da undo!\n");
call    0 returned 1
call    1 returned 1
branch  2 taken 0 (fallthrough)
branch  3 taken 1
    $$$$$:  327-block  0
call    4 never executed
        -:  328:    }
        -:  329:
        1:  330:    test_service.add_medicament("fervex","beta","calciu",89.7);
        1:  330-block  0
call    0 returned 1
call    1 returned 1
branch  2 taken 1 (fallthrough)
branch  3 taken 0 (throw)
        1:  330-block  1
call    4 returned 1
call    5 returned 1
branch  6 taken 1 (fallthrough)
branch  7 taken 0 (throw)
        1:  330-block  2
call    8 returned 1
call    9 returned 1
branch 10 taken 1 (fallthrough)
branch 11 taken 0 (throw)
        1:  330-block  3
call   12 returned 1
branch 13 taken 1 (fallthrough)
branch 14 taken 0 (throw)
        1:  330-block  4
call   15 returned 1
call   16 returned 1
call   17 returned 1
call   18 returned 1
call   19 returned 1
call   20 returned 1
    $$$$$:  330-block  5
call   21 never executed
    $$$$$:  330-block  6
    $$$$$:  330-block  7
call   22 never executed
    $$$$$:  330-block  8
    $$$$$:  330-block  9
call   23 never executed
    $$$$$:  330-block 10
    $$$$$:  330-block 11
call   24 never executed
    $$$$$:  330-block 12
    $$$$$:  330-block 13
call   25 never executed
    $$$$$:  330-block 14
    $$$$$:  330-block 15
call   26 never executed
    $$$$$:  330-block 16
        1:  331:    test_service.add_medicament("coldrex","alfa","paracetamol",9);
call    0 returned 1
call    1 returned 1
branch  2 taken 1 (fallthrough)
branch  3 taken 0 (throw)
        1:  331-block  0
call    4 returned 1
call    5 returned 1
branch  6 taken 1 (fallthrough)
branch  7 taken 0 (throw)
        1:  331-block  1
call    8 returned 1
call    9 returned 1
branch 10 taken 1 (fallthrough)
branch 11 taken 0 (throw)
        1:  331-block  2
call   12 returned 1
branch 13 taken 1 (fallthrough)
branch 14 taken 0 (throw)
        1:  331-block  3
call   15 returned 1
call   16 returned 1
call   17 returned 1
call   18 returned 1
call   19 returned 1
call   20 returned 1
    $$$$$:  331-block  4
call   21 never executed
    $$$$$:  331-block  5
    $$$$$:  331-block  6
call   22 never executed
    $$$$$:  331-block  7
    $$$$$:  331-block  8
call   23 never executed
    $$$$$:  331-block  9
    $$$$$:  331-block 10
call   24 never executed
    $$$$$:  331-block 11
    $$$$$:  331-block 12
call   25 never executed
    $$$$$:  331-block 13
    $$$$$:  331-block 14
call   26 never executed
    $$$$$:  331-block 15
        1:  332:    test_service.add_medicament("theraflu","omega","calciu",9);
call    0 returned 1
call    1 returned 1
branch  2 taken 1 (fallthrough)
branch  3 taken 0 (throw)
        1:  332-block  0
call    4 returned 1
call    5 returned 1
branch  6 taken 1 (fallthrough)
branch  7 taken 0 (throw)
        1:  332-block  1
call    8 returned 1
call    9 returned 1
branch 10 taken 1 (fallthrough)
branch 11 taken 0 (throw)
        1:  332-block  2
call   12 returned 1
branch 13 taken 1 (fallthrough)
branch 14 taken 0 (throw)
        1:  332-block  3
call   15 returned 1
call   16 returned 1
call   17 returned 1
call   18 returned 1
call   19 returned 1
call   20 returned 1
    $$$$$:  332-block  4
call   21 never executed
    $$$$$:  332-block  5
    $$$$$:  332-block  6
call   22 never executed
    $$$$$:  332-block  7
    $$$$$:  332-block  8
call   23 never executed
    $$$$$:  332-block  9
    $$$$$:  332-block 10
call   24 never executed
    $$$$$:  332-block 11
    $$$$$:  332-block 12
call   25 never executed
    $$$$$:  332-block 13
    $$$$$:  332-block 14
call   26 never executed
    $$$$$:  332-block 15
        -:  333:
        1:  334:    assert(test_service.get_all_medicamente().size() == 3);
call    0 returned 1
branch  1 taken 1 (fallthrough)
branch  2 taken 0 (throw)
        1:  334-block  0
call    3 returned 1
branch  4 taken 0 (fallthrough)
branch  5 taken 1
    $$$$$:  334-block  1
call    6 never executed
        1:  335:    test_service.undo();
        1:  335-block  0
call    0 returned 1
branch  1 taken 1 (fallthrough)
branch  2 taken 0 (throw)
        1:  336:    assert(test_service.get_all_medicamente().size() == 2);
        1:  336-block  0
call    0 returned 1
branch  1 taken 1 (fallthrough)
branch  2 taken 0 (throw)
        1:  336-block  1
call    3 returned 1
branch  4 taken 0 (fallthrough)
branch  5 taken 1
    $$$$$:  336-block  2
call    6 never executed
        -:  337:
        1:  338:    test_service.add_medicament("alg","theta","zinc",12);
        1:  338-block  0
call    0 returned 1
call    1 returned 1
branch  2 taken 1 (fallthrough)
branch  3 taken 0 (throw)
        1:  338-block  1
call    4 returned 1
call    5 returned 1
branch  6 taken 1 (fallthrough)
branch  7 taken 0 (throw)
        1:  338-block  2
call    8 returned 1
call    9 returned 1
branch 10 taken 1 (fallthrough)
branch 11 taken 0 (throw)
        1:  338-block  3
call   12 returned 1
branch 13 taken 1 (fallthrough)
branch 14 taken 0 (throw)
        1:  338-block  4
call   15 returned 1
call   16 returned 1
call   17 returned 1
call   18 returned 1
call   19 returned 1
call   20 returned 1
    $$$$$:  338-block  5
call   21 never executed
    $$$$$:  338-block  6
    $$$$$:  338-block  7
call   22 never executed
    $$$$$:  338-block  8
    $$$$$:  338-block  9
call   23 never executed
    $$$$$:  338-block 10
    $$$$$:  338-block 11
call   24 never executed
    $$$$$:  338-block 12
    $$$$$:  338-block 13
call   25 never executed
    $$$$$:  338-block 14
    $$$$$:  338-block 15
call   26 never executed
    $$$$$:  338-block 16
        1:  339:    test_service.stergere_service("alg","theta","zinc",12);
call    0 returned 1
call    1 returned 1
branch  2 taken 1 (fallthrough)
branch  3 taken 0 (throw)
        1:  339-block  0
call    4 returned 1
call    5 returned 1
branch  6 taken 1 (fallthrough)
branch  7 taken 0 (throw)
        1:  339-block  1
call    8 returned 1
call    9 returned 1
branch 10 taken 1 (fallthrough)
branch 11 taken 0 (throw)
        1:  339-block  2
call   12 returned 1
branch 13 taken 1 (fallthrough)
branch 14 taken 0 (throw)
        1:  339-block  3
call   15 returned 1
call   16 returned 1
call   17 returned 1
call   18 returned 1
call   19 returned 1
call   20 returned 1
    $$$$$:  339-block  4
call   21 never executed
    $$$$$:  339-block  5
    $$$$$:  339-block  6
call   22 never executed
    $$$$$:  339-block  7
    $$$$$:  339-block  8
call   23 never executed
    $$$$$:  339-block  9
    $$$$$:  339-block 10
call   24 never executed
    $$$$$:  339-block 11
    $$$$$:  339-block 12
call   25 never executed
    $$$$$:  339-block 13
    $$$$$:  339-block 14
call   26 never executed
    $$$$$:  339-block 15
        1:  340:    test_service.undo();
call    0 returned 1
branch  1 taken 1 (fallthrough)
branch  2 taken 0 (throw)
        1:  341:    assert(test_service.get_all_medicamente().size() == 3);
        1:  341-block  0
call    0 returned 1
branch  1 taken 1 (fallthrough)
branch  2 taken 0 (throw)
        1:  341-block  1
call    3 returned 1
branch  4 taken 0 (fallthrough)
branch  5 taken 1
    $$$$$:  341-block  2
call    6 never executed
        1:  342:    assert(test_service.get_dim_undo() == 3);
        1:  342-block  0
call    0 returned 1
branch  1 taken 0 (fallthrough)
branch  2 taken 1
    $$$$$:  342-block  1
call    3 never executed
        -:  343:
        1:  344:    test_service.modifica_pret_service("fervex","beta","calciu",50);
        1:  344-block  0
call    0 returned 1
call    1 returned 1
branch  2 taken 1 (fallthrough)
branch  3 taken 0 (throw)
        1:  344-block  1
call    4 returned 1
call    5 returned 1
branch  6 taken 1 (fallthrough)
branch  7 taken 0 (throw)
        1:  344-block  2
call    8 returned 1
call    9 returned 1
branch 10 taken 1 (fallthrough)
branch 11 taken 0 (throw)
        1:  344-block  3
call   12 returned 1
branch 13 taken 1 (fallthrough)
branch 14 taken 0 (throw)
        1:  344-block  4
call   15 returned 1
call   16 returned 1
call   17 returned 1
call   18 returned 1
call   19 returned 1
call   20 returned 1
    $$$$$:  344-block  5
call   21 never executed
    $$$$$:  344-block  6
    $$$$$:  344-block  7
call   22 never executed
    $$$$$:  344-block  8
    $$$$$:  344-block  9
call   23 never executed
    $$$$$:  344-block 10
    $$$$$:  344-block 11
call   24 never executed
    $$$$$:  344-block 12
    $$$$$:  344-block 13
call   25 never executed
    $$$$$:  344-block 14
    $$$$$:  344-block 15
call   26 never executed
    $$$$$:  344-block 16
        1:  345:    test_service.undo();
call    0 returned 1
branch  1 taken 1 (fallthrough)
branch  2 taken 0 (throw)
        -:  346:
        1:  347:}
        -:  348:
function _Z12teste_fisierv called 0 returned 0% blocks executed 0%
    #####:  349:void teste_fisier(){
    #####:  350:    RepoFile repoF{"teste.txt"};
    %%%%%:  350-block  0
call    0 never executed
call    1 never executed
branch  2 never executed
branch  3 never executed
    %%%%%:  350-block  1
call    4 never executed
branch  5 never executed
branch  6 never executed
call    7 never executed
call    8 never executed
    $$$$$:  350-block  2
    $$$$$:  350-block  3
    $$$$$:  350-block  4
call    9 never executed
    #####:  351:    Medicament med1{"fervex","beta","ibuprofen",5.9};
call    0 never executed
call    1 never executed
branch  2 never executed
branch  3 never executed
    %%%%%:  351-block  0
call    4 never executed
call    5 never executed
branch  6 never executed
branch  7 never executed
    %%%%%:  351-block  1
call    8 never executed
call    9 never executed
branch 10 never executed
branch 11 never executed
    %%%%%:  351-block  2
call   12 never executed
branch 13 never executed
branch 14 never executed
call   15 never executed
call   16 never executed
call   17 never executed
call   18 never executed
call   19 never executed
call   20 never executed
    $$$$$:  351-block  3
    $$$$$:  351-block  4
    $$$$$:  351-block  5
    $$$$$:  351-block  6
    $$$$$:  351-block  7
    $$$$$:  351-block  8
    $$$$$:  351-block  9
call   21 never executed
    #####:  352:    Medicament med2{ "coldrex","alfa","paracetamol",2.7 };
call    0 never executed
call    1 never executed
branch  2 never executed
branch  3 never executed
    %%%%%:  352-block  0
call    4 never executed
call    5 never executed
branch  6 never executed
branch  7 never executed
    %%%%%:  352-block  1
call    8 never executed
call    9 never executed
branch 10 never executed
branch 11 never executed
    %%%%%:  352-block  2
call   12 never executed
branch 13 never executed
branch 14 never executed
call   15 never executed
call   16 never executed
call   17 never executed
call   18 never executed
call   19 never executed
call   20 never executed
    $$$$$:  352-block  3
    $$$$$:  352-block  4
    $$$$$:  352-block  5
    $$$$$:  352-block  6
    $$$$$:  352-block  7
    $$$$$:  352-block  8
    $$$$$:  352-block  9
call   21 never executed
    #####:  353:    Medicament med3{"theraflu","theta","calciu",8.6};
call    0 never executed
call    1 never executed
branch  2 never executed
branch  3 never executed
    %%%%%:  353-block  0
call    4 never executed
call    5 never executed
branch  6 never executed
branch  7 never executed
    %%%%%:  353-block  1
call    8 never executed
call    9 never executed
branch 10 never executed
branch 11 never executed
    %%%%%:  353-block  2
call   12 never executed
branch 13 never executed
branch 14 never executed
call   15 never executed
call   16 never executed
call   17 never executed
call   18 never executed
call   19 never executed
call   20 never executed
    $$$$$:  353-block  3
    $$$$$:  353-block  4
    $$$$$:  353-block  5
    $$$$$:  353-block  6
    $$$$$:  353-block  7
    $$$$$:  353-block  8
    $$$$$:  353-block  9
call   21 never executed
    #####:  354:    Medicament med4{"borenar","delta","sodiu",9};
call    0 never executed
call    1 never executed
branch  2 never executed
branch  3 never executed
    %%%%%:  354-block  0
call    4 never executed
call    5 never executed
branch  6 never executed
branch  7 never executed
    %%%%%:  354-block  1
call    8 never executed
call    9 never executed
branch 10 never executed
branch 11 never executed
    %%%%%:  354-block  2
call   12 never executed
branch 13 never executed
branch 14 never executed
call   15 never executed
call   16 never executed
call   17 never executed
call   18 never executed
call   19 never executed
call   20 never executed
    $$$$$:  354-block  3
    $$$$$:  354-block  4
    $$$$$:  354-block  5
    $$$$$:  354-block  6
    $$$$$:  354-block  7
    $$$$$:  354-block  8
    $$$$$:  354-block  9
call   21 never executed
    #####:  355:    Medicament med5{ "xyzal","alfa","zinc",27 };
call    0 never executed
call    1 never executed
branch  2 never executed
branch  3 never executed
    %%%%%:  355-block  0
call    4 never executed
call    5 never executed
branch  6 never executed
branch  7 never executed
    %%%%%:  355-block  1
call    8 never executed
call    9 never executed
branch 10 never executed
branch 11 never executed
    %%%%%:  355-block  2
call   12 never executed
branch 13 never executed
branch 14 never executed
call   15 never executed
call   16 never executed
call   17 never executed
call   18 never executed
call   19 never executed
call   20 never executed
    $$$$$:  355-block  3
    $$$$$:  355-block  4
    $$$$$:  355-block  5
    $$$$$:  355-block  6
    $$$$$:  355-block  7
    $$$$$:  355-block  8
    $$$$$:  355-block  9
call   21 never executed
    #####:  356:    Medicament med6{"acutan","omega","fier",55};
call    0 never executed
call    1 never executed
branch  2 never executed
branch  3 never executed
    %%%%%:  356-block  0
call    4 never executed
call    5 never executed
branch  6 never executed
branch  7 never executed
    %%%%%:  356-block  1
call    8 never executed
call    9 never executed
branch 10 never executed
branch 11 never executed
    %%%%%:  356-block  2
call   12 never executed
branch 13 never executed
branch 14 never executed
call   15 never executed
call   16 never executed
call   17 never executed
call   18 never executed
call   19 never executed
call   20 never executed
    $$$$$:  356-block  3
    $$$$$:  356-block  4
    $$$$$:  356-block  5
    $$$$$:  356-block  6
    $$$$$:  356-block  7
    $$$$$:  356-block  8
    $$$$$:  356-block  9
call   21 never executed
        -:  357:
        -:  358:    //test adauga
    #####:  359:    repoF.store(med1);
call    0 never executed
branch  1 never executed
branch  2 never executed
    #####:  360:    assert(repoF.get_all_medicamente().size() == 1);
    %%%%%:  360-block  0
call    0 never executed
branch  1 never executed
branch  2 never executed
    %%%%%:  360-block  1
call    3 never executed
branch  4 never executed
branch  5 never executed
    %%%%%:  360-block  2
call    6 never executed
        -:  361:    try {
    #####:  362:        repoF.store(med1);
    %%%%%:  362-block  0
call    0 never executed
branch  1 never executed
branch  2 never executed
    #####:  363:        assert(false);
    %%%%%:  363-block  0
call    0 never executed
        -:  364:    }
    =====:  365:    catch (Repo_Exception& re) {
    $$$$$:  365-block  0
call    0 never executed
call    1 never executed
        -:  366:        //std::cout<<re.get_error_message();
        -:  367:        assert(true);
        -:  368:    }
    =====:  369:    assert(repoF.get_all_medicamente().size() == 1);
    $$$$$:  369-block  0
call    0 never executed
branch  1 never executed
branch  2 never executed
    $$$$$:  369-block  1
call    3 never executed
call    4 never executed
branch  5 never executed
branch  6 never executed
    =====:  370:    repoF.store(med2);
    $$$$$:  370-block  0
call    0 never executed
branch  1 never executed
branch  2 never executed
    =====:  371:    assert(repoF.get_all_medicamente().size() == 2);
    $$$$$:  371-block  0
call    0 never executed
branch  1 never executed
branch  2 never executed
    $$$$$:  371-block  1
call    3 never executed
branch  4 never executed
branch  5 never executed
    $$$$$:  371-block  2
call    6 never executed
        -:  372:
        -:  373:
        -:  374:    //teste load
    =====:  375:    RepoFile repoF_load{ "test.txt" };
    $$$$$:  375-block  0
call    0 never executed
call    1 never executed
branch  2 never executed
branch  3 never executed
    $$$$$:  375-block  1
call    4 never executed
branch  5 never executed
branch  6 never executed
call    7 never executed
    $$$$$:  375-block  2
call    8 never executed
    $$$$$:  375-block  3
    $$$$$:  375-block  4
    $$$$$:  375-block  5
call    9 never executed
    =====:  376:    assert(repoF_load.get_all_medicamente().size() == 2);
call    0 never executed
branch  1 never executed
branch  2 never executed
    $$$$$:  376-block  0
call    3 never executed
branch  4 never executed
branch  5 never executed
    $$$$$:  376-block  1
call    6 never executed
        -:  377:
        -:  378:
    =====:  379:}
        -:  380:
function _Z8test_allv called 1 returned 100% blocks executed 100%
        1:  381:void test_all(){
        -:  382:
        1:  383:    test_get_set();
        1:  383-block  0
call    0 returned 1
        -:  384:
        1:  385:    test_find_repo();
call    0 returned 1
        1:  386:    test_find_denumire_repo();
call    0 returned 1
        1:  387:    test_find_service();
call    0 returned 1
        -:  388:
        1:  389:    test_add_repo();
call    0 returned 1
        1:  390:    test_add_medicament_service();
call    0 returned 1
        -:  391:
        1:  392:    test_modificare_repo();
call    0 returned 1
        1:  393:    test_modificare_service();
call    0 returned 1
        -:  394:
        1:  395:    test_stergere_repo();
call    0 returned 1
        1:  396:    test_stergere_service();
call    0 returned 1
        -:  397:
        1:  398:    test_filtrare_service();
call    0 returned 1
        1:  399:    test_sort_service();
call    0 returned 1
        -:  400:
        1:  401:    test_undo();
call    0 returned 1
        -:  402:
        -:  403:    //teste_fisier();
        -:  404:
        1:  405:    test_all_of();
call    0 returned 1
        -:  406:
        1:  407:}
