        -:    0:Source:/mnt/c/Users/Ilinca/Desktop/facultate/semestru 2/oop/lab9/cu undo si fisiere/lab9-bun/Teste_fisiere.cpp
        -:    0:Graph:/mnt/c/Users/Ilinca/Desktop/facultate/semestru 2/oop/lab9/cu undo si fisiere/lab9-bun/cmake-build-debug-coverage/CMakeFiles/lab4_6oop.dir/Teste_fisiere.cpp.gcno
        -:    0:Data:/mnt/c/Users/Ilinca/Desktop/facultate/semestru 2/oop/lab9/cu undo si fisiere/lab9-bun/cmake-build-debug-coverage/CMakeFiles/lab4_6oop.dir/Teste_fisiere.cpp.gcda
        -:    0:Runs:1
        -:    1://
        -:    2:// Created by Ilinca on 28-Apr-22.
        -:    3://
        -:    4:
        -:    5:#include "Teste_fisiere.h"
        -:    6:#include "Repository.h"
        -:    7:#include <assert.h>
        -:    8:
function _Z18test_adauga_fisierv called 1 returned 100% blocks executed 49%
        1:    9:void test_adauga_fisier(){
        3:   10:    RepoFile repoF{"test_med1.txt"};
        1:   10-block  0
call    0 returned 1
call    1 returned 1
branch  2 taken 1 (fallthrough)
branch  3 taken 0 (throw)
        1:   10-block  1
call    4 returned 1
branch  5 taken 1 (fallthrough)
branch  6 taken 0 (throw)
call    7 returned 1
call    8 returned 1
    $$$$$:   10-block  2
    $$$$$:   10-block  3
    $$$$$:   10-block  4
call    9 never executed
        3:   11:    Medicament med1{"fervex","beta","ibuprofen",5.9};
call    0 returned 1
call    1 returned 1
branch  2 taken 1 (fallthrough)
branch  3 taken 0 (throw)
        1:   11-block  0
call    4 returned 1
call    5 returned 1
branch  6 taken 1 (fallthrough)
branch  7 taken 0 (throw)
        1:   11-block  1
call    8 returned 1
call    9 returned 1
branch 10 taken 1 (fallthrough)
branch 11 taken 0 (throw)
        1:   11-block  2
call   12 returned 1
branch 13 taken 1 (fallthrough)
branch 14 taken 0 (throw)
call   15 returned 1
call   16 returned 1
call   17 returned 1
call   18 returned 1
call   19 returned 1
call   20 returned 1
    $$$$$:   11-block  3
    $$$$$:   11-block  4
    $$$$$:   11-block  5
    $$$$$:   11-block  6
    $$$$$:   11-block  7
    $$$$$:   11-block  8
    $$$$$:   11-block  9
call   21 never executed
        3:   12:    Medicament med2{ "coldrex","alfa","paracetamol",2.7 };
call    0 returned 1
call    1 returned 1
branch  2 taken 1 (fallthrough)
branch  3 taken 0 (throw)
        1:   12-block  0
call    4 returned 1
call    5 returned 1
branch  6 taken 1 (fallthrough)
branch  7 taken 0 (throw)
        1:   12-block  1
call    8 returned 1
call    9 returned 1
branch 10 taken 1 (fallthrough)
branch 11 taken 0 (throw)
        1:   12-block  2
call   12 returned 1
branch 13 taken 1 (fallthrough)
branch 14 taken 0 (throw)
call   15 returned 1
call   16 returned 1
call   17 returned 1
call   18 returned 1
call   19 returned 1
call   20 returned 1
    $$$$$:   12-block  3
    $$$$$:   12-block  4
    $$$$$:   12-block  5
    $$$$$:   12-block  6
    $$$$$:   12-block  7
    $$$$$:   12-block  8
    $$$$$:   12-block  9
call   21 never executed
        3:   13:    Medicament med3{"theraflu","theta","calciu",8.6};
call    0 returned 1
call    1 returned 1
branch  2 taken 1 (fallthrough)
branch  3 taken 0 (throw)
        1:   13-block  0
call    4 returned 1
call    5 returned 1
branch  6 taken 1 (fallthrough)
branch  7 taken 0 (throw)
        1:   13-block  1
call    8 returned 1
call    9 returned 1
branch 10 taken 1 (fallthrough)
branch 11 taken 0 (throw)
        1:   13-block  2
call   12 returned 1
branch 13 taken 1 (fallthrough)
branch 14 taken 0 (throw)
call   15 returned 1
call   16 returned 1
call   17 returned 1
call   18 returned 1
call   19 returned 1
call   20 returned 1
    $$$$$:   13-block  3
    $$$$$:   13-block  4
    $$$$$:   13-block  5
    $$$$$:   13-block  6
    $$$$$:   13-block  7
    $$$$$:   13-block  8
    $$$$$:   13-block  9
call   21 never executed
        3:   14:    Medicament med4{"borenar","delta","sodiu",9};
call    0 returned 1
call    1 returned 1
branch  2 taken 1 (fallthrough)
branch  3 taken 0 (throw)
        1:   14-block  0
call    4 returned 1
call    5 returned 1
branch  6 taken 1 (fallthrough)
branch  7 taken 0 (throw)
        1:   14-block  1
call    8 returned 1
call    9 returned 1
branch 10 taken 1 (fallthrough)
branch 11 taken 0 (throw)
        1:   14-block  2
call   12 returned 1
branch 13 taken 1 (fallthrough)
branch 14 taken 0 (throw)
call   15 returned 1
call   16 returned 1
call   17 returned 1
call   18 returned 1
call   19 returned 1
call   20 returned 1
    $$$$$:   14-block  3
    $$$$$:   14-block  4
    $$$$$:   14-block  5
    $$$$$:   14-block  6
    $$$$$:   14-block  7
    $$$$$:   14-block  8
    $$$$$:   14-block  9
call   21 never executed
        3:   15:    Medicament med5{ "xyzal","alfa","zinc",27 };
call    0 returned 1
call    1 returned 1
branch  2 taken 1 (fallthrough)
branch  3 taken 0 (throw)
        1:   15-block  0
call    4 returned 1
call    5 returned 1
branch  6 taken 1 (fallthrough)
branch  7 taken 0 (throw)
        1:   15-block  1
call    8 returned 1
call    9 returned 1
branch 10 taken 1 (fallthrough)
branch 11 taken 0 (throw)
        1:   15-block  2
call   12 returned 1
branch 13 taken 1 (fallthrough)
branch 14 taken 0 (throw)
call   15 returned 1
call   16 returned 1
call   17 returned 1
call   18 returned 1
call   19 returned 1
call   20 returned 1
    $$$$$:   15-block  3
    $$$$$:   15-block  4
    $$$$$:   15-block  5
    $$$$$:   15-block  6
    $$$$$:   15-block  7
    $$$$$:   15-block  8
    $$$$$:   15-block  9
call   21 never executed
        3:   16:    Medicament med6{"acutan","omega","fier",55};
call    0 returned 1
call    1 returned 1
branch  2 taken 1 (fallthrough)
branch  3 taken 0 (throw)
        1:   16-block  0
call    4 returned 1
call    5 returned 1
branch  6 taken 1 (fallthrough)
branch  7 taken 0 (throw)
        1:   16-block  1
call    8 returned 1
call    9 returned 1
branch 10 taken 1 (fallthrough)
branch 11 taken 0 (throw)
        1:   16-block  2
call   12 returned 1
branch 13 taken 1 (fallthrough)
branch 14 taken 0 (throw)
call   15 returned 1
call   16 returned 1
call   17 returned 1
call   18 returned 1
call   19 returned 1
call   20 returned 1
    $$$$$:   16-block  3
    $$$$$:   16-block  4
    $$$$$:   16-block  5
    $$$$$:   16-block  6
    $$$$$:   16-block  7
    $$$$$:   16-block  8
    $$$$$:   16-block  9
call   21 never executed
        -:   17:
        1:   18:    repoF.store(med1);
call    0 returned 1
branch  1 taken 1 (fallthrough)
branch  2 taken 0 (throw)
       1*:   19:    assert(repoF.get_all_medicamente().size() == 1);
        1:   19-block  0
call    0 returned 1
branch  1 taken 1 (fallthrough)
branch  2 taken 0 (throw)
        1:   19-block  1
call    3 returned 1
branch  4 taken 0 (fallthrough)
branch  5 taken 1
    %%%%%:   19-block  2
call    6 never executed
        -:   20:    try {
        1:   21:        repoF.store(med1);
        1:   21-block  0
call    0 returned 1
branch  1 taken 0 (fallthrough)
branch  2 taken 1 (throw)
    #####:   22:        assert(false);
    %%%%%:   22-block  0
call    0 never executed
        -:   23:    }
        1:   24:    catch (Repo_Exception& re) {
        1:   24-block  0
call    0 returned 1
call    1 returned 1
branch  2 taken 1 (fallthrough)
branch  3 taken 0 (throw)
        -:   25:        assert(true);
        -:   26:    }
        1:   27:    assert(repoF.get_all_medicamente().size() == 1);
        1:   27-block  0
call    0 returned 1
branch  1 taken 1 (fallthrough)
branch  2 taken 0 (throw)
        1:   27-block  1
call    3 returned 1
branch  4 taken 0 (fallthrough)
branch  5 taken 1
    $$$$$:   27-block  2
call    6 never executed
        1:   28:    repoF.store(med2);
        1:   28-block  0
call    0 returned 1
branch  1 taken 1 (fallthrough)
branch  2 taken 0 (throw)
        1:   29:    assert(repoF.get_all_medicamente().size() == 2);
        1:   29-block  0
call    0 returned 1
branch  1 taken 1 (fallthrough)
branch  2 taken 0 (throw)
        1:   29-block  1
call    3 returned 1
branch  4 taken 0 (fallthrough)
branch  5 taken 1
    $$$$$:   29-block  2
call    6 never executed
        2:   30:    RepoFile repo_load{"test_med1.txt"};
        1:   30-block  0
call    0 returned 1
call    1 returned 1
branch  2 taken 1 (fallthrough)
branch  3 taken 0 (throw)
        1:   30-block  1
call    4 returned 1
branch  5 taken 1 (fallthrough)
branch  6 taken 0 (throw)
call    7 returned 1
    $$$$$:   30-block  2
    $$$$$:   30-block  3
    $$$$$:   30-block  4
call    8 never executed
        1:   31:    assert(repo_load.get_all_medicamente().size() == 2);
call    0 returned 1
branch  1 taken 1 (fallthrough)
branch  2 taken 0 (throw)
        1:   31-block  0
call    3 returned 1
branch  4 taken 0 (fallthrough)
branch  5 taken 1
    $$$$$:   31-block  1
call    6 never executed
        -:   32:
        1:   33:    repoF.stergere_repo(med2);
        1:   33-block  0
call    0 returned 1
branch  1 taken 1 (fallthrough)
branch  2 taken 0 (throw)
        1:   34:    assert(repoF.get_all_medicamente().size() == 1);
        1:   34-block  0
call    0 returned 1
branch  1 taken 1 (fallthrough)
branch  2 taken 0 (throw)
        1:   34-block  1
call    3 returned 1
branch  4 taken 0 (fallthrough)
branch  5 taken 1
    $$$$$:   34-block  2
call    6 never executed
        -:   35:    try {
        1:   36:        repoF.stergere_repo(med2);
        1:   36-block  0
call    0 returned 1
branch  1 taken 0 (fallthrough)
branch  2 taken 1 (throw)
    =====:   37:        assert(false);
    $$$$$:   37-block  0
call    0 never executed
        -:   38:    }
        1:   39:    catch (Repo_Exception& re) {
        1:   39-block  0
call    0 returned 1
    $$$$$:   39-block  1
call    1 never executed
        1:   40:        assert(re.get_error_message() == "Medicamentul nu este in lista.\n");
call    0 returned 1
branch  1 taken 1 (fallthrough)
branch  2 taken 0 (throw)
        1:   40-block  0
call    3 returned 1
branch  4 taken 0 (fallthrough)
branch  5 taken 1
    $$$$$:   40-block  1
call    6 never executed
        1:   40-block  2
call    7 returned 1
call    8 returned 1
branch  9 taken 1 (fallthrough)
branch 10 taken 0 (throw)
        -:   41:    }
        1:   42:    assert(repoF.get_all_medicamente().size() == 1);
        1:   42-block  0
call    0 returned 1
branch  1 taken 1 (fallthrough)
branch  2 taken 0 (throw)
        1:   42-block  1
call    3 returned 1
branch  4 taken 0 (fallthrough)
branch  5 taken 1
    $$$$$:   42-block  2
call    6 never executed
        1:   43:    repoF.stergere_repo(med1);
        1:   43-block  0
call    0 returned 1
branch  1 taken 1 (fallthrough)
branch  2 taken 0 (throw)
        1:   44:    assert(repoF.get_all_medicamente().size() == 0);
        1:   44-block  0
call    0 returned 1
branch  1 taken 1 (fallthrough)
branch  2 taken 0 (throw)
        1:   44-block  1
call    3 returned 1
branch  4 taken 0 (fallthrough)
branch  5 taken 1
    $$$$$:   44-block  2
call    6 never executed
        -:   45:
        1:   46:    repoF.store(med4);
        1:   46-block  0
call    0 returned 1
branch  1 taken 1 (fallthrough)
branch  2 taken 0 (throw)
        1:   47:    repoF.modificare_pret_repo(med4);
        1:   47-block  0
call    0 returned 1
branch  1 taken 1 (fallthrough)
branch  2 taken 0 (throw)
        1:   48:    assert(repoF.get_all_medicamente().size() == 1);
        1:   48-block  0
call    0 returned 1
branch  1 taken 1 (fallthrough)
branch  2 taken 0 (throw)
        1:   48-block  1
call    3 returned 1
branch  4 taken 0 (fallthrough)
branch  5 taken 1
    $$$$$:   48-block  2
call    6 never executed
        1:   49:    assert(repoF.get_all_medicamente()[0].get_producator() == "delta");
        1:   49-block  0
call    0 returned 1
branch  1 taken 1 (fallthrough)
branch  2 taken 0 (throw)
        1:   49-block  1
call    3 returned 1
call    4 returned 1
branch  5 taken 1 (fallthrough)
branch  6 taken 0 (throw)
        1:   49-block  2
call    7 returned 1
branch  8 taken 0 (fallthrough)
branch  9 taken 1
    $$$$$:   49-block  3
call   10 never executed
        1:   49-block  4
call   11 returned 1
call   12 returned 1
        -:   50:
        1:   51:}
        -:   52:
function _Z16test_load_fisierv called 0 returned 0% blocks executed 0%
    #####:   53:void test_load_fisier() {
    #####:   54:    RepoFile repoF{"cmake-build-debug-coverage/test_med1.txt"};
    %%%%%:   54-block  0
call    0 never executed
call    1 never executed
branch  2 never executed
branch  3 never executed
    %%%%%:   54-block  1
call    4 never executed
branch  5 never executed
branch  6 never executed
call    7 never executed
call    8 never executed
    $$$$$:   54-block  2
    $$$$$:   54-block  3
    $$$$$:   54-block  4
call    9 never executed
    #####:   55:    Medicament med1{"fervex","beta","ibuprofen",5.9};
call    0 never executed
call    1 never executed
branch  2 never executed
branch  3 never executed
    %%%%%:   55-block  0
call    4 never executed
call    5 never executed
branch  6 never executed
branch  7 never executed
    %%%%%:   55-block  1
call    8 never executed
call    9 never executed
branch 10 never executed
branch 11 never executed
    %%%%%:   55-block  2
call   12 never executed
branch 13 never executed
branch 14 never executed
call   15 never executed
call   16 never executed
call   17 never executed
call   18 never executed
call   19 never executed
call   20 never executed
    $$$$$:   55-block  3
    $$$$$:   55-block  4
    $$$$$:   55-block  5
    $$$$$:   55-block  6
    $$$$$:   55-block  7
    $$$$$:   55-block  8
    $$$$$:   55-block  9
call   21 never executed
    #####:   56:    Medicament med2{ "coldrex","alfa","paracetamol",2.7 };
call    0 never executed
call    1 never executed
branch  2 never executed
branch  3 never executed
    %%%%%:   56-block  0
call    4 never executed
call    5 never executed
branch  6 never executed
branch  7 never executed
    %%%%%:   56-block  1
call    8 never executed
call    9 never executed
branch 10 never executed
branch 11 never executed
    %%%%%:   56-block  2
call   12 never executed
branch 13 never executed
branch 14 never executed
call   15 never executed
call   16 never executed
call   17 never executed
call   18 never executed
call   19 never executed
call   20 never executed
    $$$$$:   56-block  3
    $$$$$:   56-block  4
    $$$$$:   56-block  5
    $$$$$:   56-block  6
    $$$$$:   56-block  7
    $$$$$:   56-block  8
    $$$$$:   56-block  9
call   21 never executed
    #####:   57:    Medicament med3{"theraflu","theta","calciu",8.6};
call    0 never executed
call    1 never executed
branch  2 never executed
branch  3 never executed
    %%%%%:   57-block  0
call    4 never executed
call    5 never executed
branch  6 never executed
branch  7 never executed
    %%%%%:   57-block  1
call    8 never executed
call    9 never executed
branch 10 never executed
branch 11 never executed
    %%%%%:   57-block  2
call   12 never executed
branch 13 never executed
branch 14 never executed
call   15 never executed
call   16 never executed
call   17 never executed
call   18 never executed
call   19 never executed
call   20 never executed
    $$$$$:   57-block  3
    $$$$$:   57-block  4
    $$$$$:   57-block  5
    $$$$$:   57-block  6
    $$$$$:   57-block  7
    $$$$$:   57-block  8
    $$$$$:   57-block  9
call   21 never executed
    #####:   58:    Medicament med4{"borenar","delta","sodiu",9};
call    0 never executed
call    1 never executed
branch  2 never executed
branch  3 never executed
    %%%%%:   58-block  0
call    4 never executed
call    5 never executed
branch  6 never executed
branch  7 never executed
    %%%%%:   58-block  1
call    8 never executed
call    9 never executed
branch 10 never executed
branch 11 never executed
    %%%%%:   58-block  2
call   12 never executed
branch 13 never executed
branch 14 never executed
call   15 never executed
call   16 never executed
call   17 never executed
call   18 never executed
call   19 never executed
call   20 never executed
    $$$$$:   58-block  3
    $$$$$:   58-block  4
    $$$$$:   58-block  5
    $$$$$:   58-block  6
    $$$$$:   58-block  7
    $$$$$:   58-block  8
    $$$$$:   58-block  9
call   21 never executed
    #####:   59:    Medicament med5{ "xyzal","alfa","zinc",27 };
call    0 never executed
call    1 never executed
branch  2 never executed
branch  3 never executed
    %%%%%:   59-block  0
call    4 never executed
call    5 never executed
branch  6 never executed
branch  7 never executed
    %%%%%:   59-block  1
call    8 never executed
call    9 never executed
branch 10 never executed
branch 11 never executed
    %%%%%:   59-block  2
call   12 never executed
branch 13 never executed
branch 14 never executed
call   15 never executed
call   16 never executed
call   17 never executed
call   18 never executed
call   19 never executed
call   20 never executed
    $$$$$:   59-block  3
    $$$$$:   59-block  4
    $$$$$:   59-block  5
    $$$$$:   59-block  6
    $$$$$:   59-block  7
    $$$$$:   59-block  8
    $$$$$:   59-block  9
call   21 never executed
    #####:   60:    Medicament med6{"acutan","omega","fier",55};
call    0 never executed
call    1 never executed
branch  2 never executed
branch  3 never executed
    %%%%%:   60-block  0
call    4 never executed
call    5 never executed
branch  6 never executed
branch  7 never executed
    %%%%%:   60-block  1
call    8 never executed
call    9 never executed
branch 10 never executed
branch 11 never executed
    %%%%%:   60-block  2
call   12 never executed
branch 13 never executed
branch 14 never executed
call   15 never executed
call   16 never executed
call   17 never executed
call   18 never executed
call   19 never executed
call   20 never executed
    $$$$$:   60-block  3
    $$$$$:   60-block  4
    $$$$$:   60-block  5
    $$$$$:   60-block  6
    $$$$$:   60-block  7
    $$$$$:   60-block  8
    $$$$$:   60-block  9
call   21 never executed
        -:   61:
    #####:   62:    repoF.store(med1);
call    0 never executed
branch  1 never executed
branch  2 never executed
    #####:   63:    repoF.store(med2);
    %%%%%:   63-block  0
call    0 never executed
branch  1 never executed
branch  2 never executed
    #####:   64:    RepoFile repoF_load{ "cmake-build-debug-coverage/test_med1.txt" };
    %%%%%:   64-block  0
call    0 never executed
call    1 never executed
branch  2 never executed
branch  3 never executed
    %%%%%:   64-block  1
call    4 never executed
branch  5 never executed
branch  6 never executed
call    7 never executed
    %%%%%:   64-block  2
call    8 never executed
    $$$$$:   64-block  3
    $$$$$:   64-block  4
    $$$$$:   64-block  5
call    9 never executed
    #####:   65:    assert(repoF_load.get_all_medicamente().size() == 2);
call    0 never executed
branch  1 never executed
branch  2 never executed
    %%%%%:   65-block  0
call    3 never executed
branch  4 never executed
branch  5 never executed
    %%%%%:   65-block  1
call    6 never executed
        -:   66:
    #####:   67:    repoF.modificare_pret_repo(med2);
    %%%%%:   67-block  0
call    0 never executed
branch  1 never executed
branch  2 never executed
        -:   68:
        -:   69:
    #####:   70:}
        -:   71:
function _Z18test_sterge_fisierv called 0 returned 0% blocks executed 0%
    #####:   72:void test_sterge_fisier(){
    #####:   73:    RepoFile repoF{"test_med1.txt"};
    %%%%%:   73-block  0
call    0 never executed
call    1 never executed
branch  2 never executed
branch  3 never executed
    %%%%%:   73-block  1
call    4 never executed
branch  5 never executed
branch  6 never executed
call    7 never executed
call    8 never executed
    $$$$$:   73-block  2
    $$$$$:   73-block  3
    $$$$$:   73-block  4
call    9 never executed
    #####:   74:    Medicament med1{"fervex","beta","ibuprofen",5.9};
call    0 never executed
call    1 never executed
branch  2 never executed
branch  3 never executed
    %%%%%:   74-block  0
call    4 never executed
call    5 never executed
branch  6 never executed
branch  7 never executed
    %%%%%:   74-block  1
call    8 never executed
call    9 never executed
branch 10 never executed
branch 11 never executed
    %%%%%:   74-block  2
call   12 never executed
branch 13 never executed
branch 14 never executed
call   15 never executed
call   16 never executed
call   17 never executed
call   18 never executed
call   19 never executed
call   20 never executed
    $$$$$:   74-block  3
    $$$$$:   74-block  4
    $$$$$:   74-block  5
    $$$$$:   74-block  6
    $$$$$:   74-block  7
    $$$$$:   74-block  8
    $$$$$:   74-block  9
call   21 never executed
    #####:   75:    Medicament med2{ "coldrex","alfa","paracetamol",2.7 };
call    0 never executed
call    1 never executed
branch  2 never executed
branch  3 never executed
    %%%%%:   75-block  0
call    4 never executed
call    5 never executed
branch  6 never executed
branch  7 never executed
    %%%%%:   75-block  1
call    8 never executed
call    9 never executed
branch 10 never executed
branch 11 never executed
    %%%%%:   75-block  2
call   12 never executed
branch 13 never executed
branch 14 never executed
call   15 never executed
call   16 never executed
call   17 never executed
call   18 never executed
call   19 never executed
call   20 never executed
    $$$$$:   75-block  3
    $$$$$:   75-block  4
    $$$$$:   75-block  5
    $$$$$:   75-block  6
    $$$$$:   75-block  7
    $$$$$:   75-block  8
    $$$$$:   75-block  9
call   21 never executed
    #####:   76:    Medicament med3{"theraflu","theta","calciu",8.6};
call    0 never executed
call    1 never executed
branch  2 never executed
branch  3 never executed
    %%%%%:   76-block  0
call    4 never executed
call    5 never executed
branch  6 never executed
branch  7 never executed
    %%%%%:   76-block  1
call    8 never executed
call    9 never executed
branch 10 never executed
branch 11 never executed
    %%%%%:   76-block  2
call   12 never executed
branch 13 never executed
branch 14 never executed
call   15 never executed
call   16 never executed
call   17 never executed
call   18 never executed
call   19 never executed
call   20 never executed
    $$$$$:   76-block  3
    $$$$$:   76-block  4
    $$$$$:   76-block  5
    $$$$$:   76-block  6
    $$$$$:   76-block  7
    $$$$$:   76-block  8
    $$$$$:   76-block  9
call   21 never executed
    #####:   77:    Medicament med4{"borenar","delta","sodiu",9};
call    0 never executed
call    1 never executed
branch  2 never executed
branch  3 never executed
    %%%%%:   77-block  0
call    4 never executed
call    5 never executed
branch  6 never executed
branch  7 never executed
    %%%%%:   77-block  1
call    8 never executed
call    9 never executed
branch 10 never executed
branch 11 never executed
    %%%%%:   77-block  2
call   12 never executed
branch 13 never executed
branch 14 never executed
call   15 never executed
call   16 never executed
call   17 never executed
call   18 never executed
call   19 never executed
call   20 never executed
    $$$$$:   77-block  3
    $$$$$:   77-block  4
    $$$$$:   77-block  5
    $$$$$:   77-block  6
    $$$$$:   77-block  7
    $$$$$:   77-block  8
    $$$$$:   77-block  9
call   21 never executed
    #####:   78:    Medicament med5{ "xyzal","alfa","zinc",27 };
call    0 never executed
call    1 never executed
branch  2 never executed
branch  3 never executed
    %%%%%:   78-block  0
call    4 never executed
call    5 never executed
branch  6 never executed
branch  7 never executed
    %%%%%:   78-block  1
call    8 never executed
call    9 never executed
branch 10 never executed
branch 11 never executed
    %%%%%:   78-block  2
call   12 never executed
branch 13 never executed
branch 14 never executed
call   15 never executed
call   16 never executed
call   17 never executed
call   18 never executed
call   19 never executed
call   20 never executed
    $$$$$:   78-block  3
    $$$$$:   78-block  4
    $$$$$:   78-block  5
    $$$$$:   78-block  6
    $$$$$:   78-block  7
    $$$$$:   78-block  8
    $$$$$:   78-block  9
call   21 never executed
    #####:   79:    Medicament med6{"acutan","omega","fier",55};
call    0 never executed
call    1 never executed
branch  2 never executed
branch  3 never executed
    %%%%%:   79-block  0
call    4 never executed
call    5 never executed
branch  6 never executed
branch  7 never executed
    %%%%%:   79-block  1
call    8 never executed
call    9 never executed
branch 10 never executed
branch 11 never executed
    %%%%%:   79-block  2
call   12 never executed
branch 13 never executed
branch 14 never executed
call   15 never executed
call   16 never executed
call   17 never executed
call   18 never executed
call   19 never executed
    $$$$$:   79-block  3
call   20 never executed
    $$$$$:   79-block  4
    $$$$$:   79-block  5
    $$$$$:   79-block  6
    $$$$$:   79-block  7
    $$$$$:   79-block  8
    $$$$$:   79-block  9
    $$$$$:   79-block 10
call   21 never executed
        -:   80:
    #####:   81:    repoF.store(med1);
call    0 never executed
branch  1 never executed
branch  2 never executed
    #####:   82:    repoF.store(med2);
    %%%%%:   82-block  0
call    0 never executed
branch  1 never executed
branch  2 never executed
    #####:   83:    repoF.stergere_repo(med2);
    %%%%%:   83-block  0
call    0 never executed
branch  1 never executed
branch  2 never executed
    #####:   84:    assert(repoF.get_all_medicamente().size() == 1);
    %%%%%:   84-block  0
call    0 never executed
branch  1 never executed
branch  2 never executed
    %%%%%:   84-block  1
call    3 never executed
branch  4 never executed
branch  5 never executed
    %%%%%:   84-block  2
call    6 never executed
        -:   85:    try {
    #####:   86:        repoF.stergere_repo(med2);
    %%%%%:   86-block  0
call    0 never executed
branch  1 never executed
branch  2 never executed
    #####:   87:        assert(false);
    %%%%%:   87-block  0
call    0 never executed
        -:   88:    }
    =====:   89:    catch (Repo_Exception& re) {
    $$$$$:   89-block  0
call    0 never executed
call    1 never executed
branch  2 never executed
branch  3 never executed
        -:   90:        assert(true);
        -:   91:    }
    =====:   92:    assert(repoF.get_all_medicamente().size() == 1);
    $$$$$:   92-block  0
call    0 never executed
branch  1 never executed
branch  2 never executed
    $$$$$:   92-block  1
call    3 never executed
branch  4 never executed
branch  5 never executed
    $$$$$:   92-block  2
call    6 never executed
    =====:   93:    repoF.stergere_repo(med1);
    $$$$$:   93-block  0
call    0 never executed
branch  1 never executed
branch  2 never executed
    =====:   94:    assert(repoF.get_all_medicamente().size() == 0);
    $$$$$:   94-block  0
call    0 never executed
branch  1 never executed
branch  2 never executed
    $$$$$:   94-block  1
call    3 never executed
branch  4 never executed
branch  5 never executed
    $$$$$:   94-block  2
call    6 never executed
    =====:   95:}
        -:   96:
function _Z16test_all_fisierev called 1 returned 100% blocks executed 100%
        1:   97:void test_all_fisiere(){
        1:   98:    test_adauga_fisier();
        1:   98-block  0
call    0 returned 1
        -:   99://    test_load_fisier();
        -:  100://    test_sterge_fisier();
        1:  101:}
