        -:    0:Source:/mnt/c/Users/Ilinca/CLionProjects/lab1sda/main.cpp
        -:    0:Graph:/mnt/c/Users/Ilinca/CLionProjects/lab1sda/cmake-build-debug-coverage/CMakeFiles/lab1sda.dir/main.cpp.gcno
        -:    0:Data:/mnt/c/Users/Ilinca/CLionProjects/lab1sda/cmake-build-debug-coverage/CMakeFiles/lab1sda.dir/main.cpp.gcda
        -:    0:Runs:1
        -:    1:#include <iostream>
        -:    2:#include "Matrice.h"
        -:    3:#include "TestExtins.h"
        -:    4:#include "TestScurt.h"
        -:    5:
        -:    6:using namespace std;
        -:    7:
        -:    8:
function main called 1 returned 100% blocks executed 100%
        1:    9:int main() {
        -:   10:
        1:   11:	testAll();
        1:   11-block  0
call    0 returned 1
        1:   12:	testAllExtins();
call    0 returned 1
        -:   13:
        1:   14:    cout<<"End";
call    0 returned 1
        1:   15:}
