        -:    0:Source:/mnt/c/Users/Ilinca/CLionProjects/lab1sda/TestScurt.cpp
        -:    0:Graph:/mnt/c/Users/Ilinca/CLionProjects/lab1sda/cmake-build-debug-coverage/CMakeFiles/lab1sda.dir/TestScurt.cpp.gcno
        -:    0:Data:/mnt/c/Users/Ilinca/CLionProjects/lab1sda/cmake-build-debug-coverage/CMakeFiles/lab1sda.dir/TestScurt.cpp.gcda
        -:    0:Runs:1
        -:    1://
        -:    2:// Created by Ilinca on 28-Mar-22.
        -:    3://
        -:    4:
        -:    5:#include "TestScurt.h"
        -:    6:#include <assert.h>
        -:    7:#include "Matrice.h"
        -:    8:#include <iostream>
        -:    9:
        -:   10:using namespace std;
        -:   11:
function _Z7testAllv called 1 returned 100% blocks executed 70%
        1:   12:void testAll() { //apelam fiecare functie sa vedem daca exista
        2:   13:    Matrice m(4,4);
        1:   13-block  0
call    0 returned 1
branch  1 taken 1 (fallthrough)
branch  2 taken 0 (throw)
        1:   13-block  1
call    3 returned 1
    $$$$$:   13-block  2
call    4 never executed
       1*:   14:    assert(m.nrLinii() == 4);
        1:   14-block  0
call    0 returned 1
branch  1 taken 1 (fallthrough)
branch  2 taken 0 (throw)
        1:   14-block  1
branch  3 taken 0 (fallthrough)
branch  4 taken 1
    %%%%%:   14-block  2
call    5 never executed
       1*:   15:    assert(m.nrColoane() == 4);
        1:   15-block  0
call    0 returned 1
branch  1 taken 1 (fallthrough)
branch  2 taken 0 (throw)
        1:   15-block  1
branch  3 taken 0 (fallthrough)
branch  4 taken 1
    %%%%%:   15-block  2
call    5 never executed
        -:   16:    //adaug niste elemente
        1:   17:    m.modifica(1,1,5);
        1:   17-block  0
call    0 returned 1
branch  1 taken 1 (fallthrough)
branch  2 taken 0 (throw)
        -:   18:
       1*:   19:    assert(m.element(1,1) == 5);
        1:   19-block  0
call    0 returned 1
branch  1 taken 1 (fallthrough)
branch  2 taken 0 (throw)
        1:   19-block  1
branch  3 taken 0 (fallthrough)
branch  4 taken 1
    %%%%%:   19-block  2
call    5 never executed
        1:   20:    m.modifica(1,1,6);
        1:   20-block  0
call    0 returned 1
branch  1 taken 1 (fallthrough)
branch  2 taken 0 (throw)
       1*:   21:    assert(m.element(1,2) == NULL_TELEMENT);
        1:   21-block  0
call    0 returned 1
branch  1 taken 1 (fallthrough)
branch  2 taken 0 (throw)
        1:   21-block  1
branch  3 taken 0 (fallthrough)
branch  4 taken 1
    %%%%%:   21-block  2
call    5 never executed
        1:   22:}
        -:   23:
